# JRE version: OpenJDK Runtime Environment (8.0_242-b01) (build 1.8.0_242-release-1644-b01)
# Java VM: OpenJDK 64-Bit Server VM (25.242-b01 mixed mode windows-amd64 compressed oops)
Heap:
 PSYoungGen      total 31744K, used 15706K [0x00000000edb00000, 0x00000000efc00000, 0x0000000100000000)
  eden space 29696K, 46% used [0x00000000edb00000,0x00000000ee85e7e0,0x00000000ef800000)
  from space 2048K, 98% used [0x00000000efa00000,0x00000000efbf8020,0x00000000efc00000)
  to   space 2048K, 0% used [0x00000000ef800000,0x00000000ef800000,0x00000000efa00000)
 ParOldGen       total 38400K, used 11052K [0x00000000c9000000, 0x00000000cb580000, 0x00000000edb00000)
  object space 38400K, 28% used [0x00000000c9000000,0x00000000c9acb000,0x00000000cb580000)
 Metaspace       used 18055K, capacity 18380K, committed 18688K, reserved 1064960K
  class space    used 2107K, capacity 2190K, committed 2304K, reserved 1048576K
GC Heap History (8 events):
Event: 0.667 GC heap before
{Heap before GC invocations=1 (full 0):
 PSYoungGen      total 16896K, used 14848K [0x00000000edb00000, 0x00000000eed80000, 0x0000000100000000)
  eden space 14848K, 100% used [0x00000000edb00000,0x00000000ee980000,0x00000000ee980000)
  from space 2048K, 0% used [0x00000000eeb80000,0x00000000eeb80000,0x00000000eed80000)
  to   space 2048K, 0% used [0x00000000ee980000,0x00000000ee980000,0x00000000eeb80000)
 ParOldGen       total 38400K, used 0K [0x00000000c9000000, 0x00000000cb580000, 0x00000000edb00000)
  object space 38400K, 0% used [0x00000000c9000000,0x00000000c9000000,0x00000000cb580000)
 Metaspace       used 6945K, capacity 7372K, committed 7424K, reserved 1056768K
  class space    used 694K, capacity 764K, committed 768K, reserved 1048576K
Event: 0.671 GC heap after
Heap after GC invocations=1 (full 0):
 PSYoungGen      total 16896K, used 2047K [0x00000000edb00000, 0x00000000eed80000, 0x0000000100000000)
  eden space 14848K, 0% used [0x00000000edb00000,0x00000000edb00000,0x00000000ee980000)
  from space 2048K, 99% used [0x00000000ee980000,0x00000000eeb7fc98,0x00000000eeb80000)
  to   space 2048K, 0% used [0x00000000eeb80000,0x00000000eeb80000,0x00000000eed80000)
 ParOldGen       total 38400K, used 1385K [0x00000000c9000000, 0x00000000cb580000, 0x00000000edb00000)
  object space 38400K, 3% used [0x00000000c9000000,0x00000000c915a608,0x00000000cb580000)
 Metaspace       used 6945K, capacity 7372K, committed 7424K, reserved 1056768K
  class space    used 694K, capacity 764K, committed 768K, reserved 1048576K
}
Event: 1.141 GC heap before
{Heap before GC invocations=2 (full 0):
 PSYoungGen      total 16896K, used 16895K [0x00000000edb00000, 0x00000000eed80000, 0x0000000100000000)
  eden space 14848K, 100% used [0x00000000edb00000,0x00000000ee980000,0x00000000ee980000)
  from space 2048K, 99% used [0x00000000ee980000,0x00000000eeb7fc98,0x00000000eeb80000)
  to   space 2048K, 0% used [0x00000000eeb80000,0x00000000eeb80000,0x00000000eed80000)
 ParOldGen       total 38400K, used 1385K [0x00000000c9000000, 0x00000000cb580000, 0x00000000edb00000)
  object space 38400K, 3% used [0x00000000c9000000,0x00000000c915a608,0x00000000cb580000)
 Metaspace       used 9645K, capacity 9852K, committed 10112K, reserved 1058816K
  class space    used 1043K, capacity 1116K, committed 1152K, reserved 1048576K
Event: 1.148 GC heap after
Heap after GC invocations=2 (full 0):
 PSYoungGen      total 16896K, used 2045K [0x00000000edb00000, 0x00000000efc00000, 0x0000000100000000)
  eden space 14848K, 0% used [0x00000000edb00000,0x00000000edb00000,0x00000000ee980000)
  from space 2048K, 99% used [0x00000000eeb80000,0x00000000eed7f410,0x00000000eed80000)
  to   space 2048K, 0% used [0x00000000ee980000,0x00000000ee980000,0x00000000eeb80000)
 ParOldGen       total 38400K, used 4032K [0x00000000c9000000, 0x00000000cb580000, 0x00000000edb00000)
  object space 38400K, 10% used [0x00000000c9000000,0x00000000c93f0128,0x00000000cb580000)
 Metaspace       used 9645K, capacity 9852K, committed 10112K, reserved 1058816K
  class space    used 1043K, capacity 1116K, committed 1152K, reserved 1048576K
}
Event: 1.663 GC heap before
{Heap before GC invocations=3 (full 0):
 PSYoungGen      total 16896K, used 16893K [0x00000000edb00000, 0x00000000efc00000, 0x0000000100000000)
  eden space 14848K, 100% used [0x00000000edb00000,0x00000000ee980000,0x00000000ee980000)
  from space 2048K, 99% used [0x00000000eeb80000,0x00000000eed7f410,0x00000000eed80000)
  to   space 2048K, 0% used [0x00000000ee980000,0x00000000ee980000,0x00000000eeb80000)
 ParOldGen       total 38400K, used 4032K [0x00000000c9000000, 0x00000000cb580000, 0x00000000edb00000)
  object space 38400K, 10% used [0x00000000c9000000,0x00000000c93f0128,0x00000000cb580000)
 Metaspace       used 11319K, capacity 11548K, committed 11648K, reserved 1058816K
  class space    used 1247K, capacity 1324K, committed 1408K, reserved 1048576K
Event: 1.670 GC heap after
Heap after GC invocations=3 (full 0):
 PSYoungGen      total 16896K, used 2032K [0x00000000edb00000, 0x00000000efc00000, 0x0000000100000000)
  eden space 14848K, 0% used [0x00000000edb00000,0x00000000edb00000,0x00000000ee980000)
  from space 2048K, 99% used [0x00000000ee980000,0x00000000eeb7c010,0x00000000eeb80000)
  to   space 2048K, 0% used [0x00000000efa00000,0x00000000efa00000,0x00000000efc00000)
 ParOldGen       total 38400K, used 7499K [0x00000000c9000000, 0x00000000cb580000, 0x00000000edb00000)
  object space 38400K, 19% used [0x00000000c9000000,0x00000000c9752f08,0x00000000cb580000)
 Metaspace       used 11319K, capacity 11548K, committed 11648K, reserved 1058816K
  class space    used 1247K, capacity 1324K, committed 1408K, reserved 1048576K
}
Event: 2.212 GC heap before
{Heap before GC invocations=4 (full 0):
 PSYoungGen      total 16896K, used 16880K [0x00000000edb00000, 0x00000000efc00000, 0x0000000100000000)
  eden space 14848K, 100% used [0x00000000edb00000,0x00000000ee980000,0x00000000ee980000)
  from space 2048K, 99% used [0x00000000ee980000,0x00000000eeb7c010,0x00000000eeb80000)
  to   space 2048K, 0% used [0x00000000efa00000,0x00000000efa00000,0x00000000efc00000)
 ParOldGen       total 38400K, used 7499K [0x00000000c9000000, 0x00000000cb580000, 0x00000000edb00000)
  object space 38400K, 19% used [0x00000000c9000000,0x00000000c9752f08,0x00000000cb580000)
 Metaspace       used 14602K, capacity 14864K, committed 15104K, reserved 1062912K
  class space    used 1689K, capacity 1766K, committed 1792K, reserved 1048576K
Event: 2.220 GC heap after
Heap after GC invocations=4 (full 0):
 PSYoungGen      total 31744K, used 2016K [0x00000000edb00000, 0x00000000efc00000, 0x0000000100000000)
  eden space 29696K, 0% used [0x00000000edb00000,0x00000000edb00000,0x00000000ef800000)
  from space 2048K, 98% used [0x00000000efa00000,0x00000000efbf8020,0x00000000efc00000)
  to   space 2048K, 0% used [0x00000000ef800000,0x00000000ef800000,0x00000000efa00000)
 ParOldGen       total 38400K, used 11052K [0x00000000c9000000, 0x00000000cb580000, 0x00000000edb00000)
  object space 38400K, 28% used [0x00000000c9000000,0x00000000c9acb000,0x00000000cb580000)
 Metaspace       used 14602K, capacity 14864K, committed 15104K, reserved 1062912K
  class space    used 1689K, capacity 1766K, committed 1792K, reserved 1048576K
}

