# JRE version: OpenJDK Runtime Environment (8.0_242-b01) (build 1.8.0_242-release-1644-b01)
# Java VM: OpenJDK 64-Bit Server VM (25.242-b01 mixed mode windows-amd64 compressed oops)
Heap:
 PSYoungGen      total 225280K, used 57201K [0x00000000d5580000, 0x00000000e4380000, 0x0000000100000000)
  eden space 206848K, 18% used [0x00000000d5580000,0x00000000d7b62870,0x00000000e1f80000)
  from space 18432K, 99% used [0x00000000e1f80000,0x00000000e3179cd0,0x00000000e3180000)
  to   space 16896K, 0% used [0x00000000e3180000,0x00000000e3180000,0x00000000e4200000)
 ParOldGen       total 84480K, used 39133K [0x0000000080000000, 0x0000000085280000, 0x00000000d5580000)
  object space 84480K, 46% used [0x0000000080000000,0x0000000082637498,0x0000000085280000)
 Metaspace       used 68316K, capacity 71716K, committed 71960K, reserved 1112064K
  class space    used 9307K, capacity 9993K, committed 10032K, reserved 1048576K
GC Heap History (10 events):
Event: 10.820 GC heap before
{Heap before GC invocations=12 (full 2):
 PSYoungGen      total 170496K, used 9644K [0x00000000d5580000, 0x00000000e0b00000, 0x0000000100000000)
  eden space 158720K, 0% used [0x00000000d5580000,0x00000000d5580000,0x00000000df080000)
  from space 11776K, 81% used [0x00000000dfd00000,0x00000000e066b030,0x00000000e0880000)
  to   space 12800K, 0% used [0x00000000df080000,0x00000000df080000,0x00000000dfd00000)
 ParOldGen       total 33280K, used 13333K [0x0000000080000000, 0x0000000082080000, 0x00000000d5580000)
  object space 33280K, 40% used [0x0000000080000000,0x0000000080d05588,0x0000000082080000)
 Metaspace       used 34459K, capacity 35342K, committed 35496K, reserved 1079296K
  class space    used 4720K, capacity 4934K, committed 5040K, reserved 1048576K
Event: 10.899 GC heap after
Heap after GC invocations=12 (full 2):
 PSYoungGen      total 170496K, used 0K [0x00000000d5580000, 0x00000000e0b00000, 0x0000000100000000)
  eden space 158720K, 0% used [0x00000000d5580000,0x00000000d5580000,0x00000000df080000)
  from space 11776K, 0% used [0x00000000dfd00000,0x00000000dfd00000,0x00000000e0880000)
  to   space 12800K, 0% used [0x00000000df080000,0x00000000df080000,0x00000000dfd00000)
 ParOldGen       total 52224K, used 17122K [0x0000000080000000, 0x0000000083300000, 0x00000000d5580000)
  object space 52224K, 32% used [0x0000000080000000,0x00000000810b8bf8,0x0000000083300000)
 Metaspace       used 34459K, capacity 35342K, committed 35496K, reserved 1079296K
  class space    used 4720K, capacity 4934K, committed 5040K, reserved 1048576K
}
Event: 15.153 GC heap before
{Heap before GC invocations=13 (full 2):
 PSYoungGen      total 170496K, used 158720K [0x00000000d5580000, 0x00000000e0b00000, 0x0000000100000000)
  eden space 158720K, 100% used [0x00000000d5580000,0x00000000df080000,0x00000000df080000)
  from space 11776K, 0% used [0x00000000dfd00000,0x00000000dfd00000,0x00000000e0880000)
  to   space 12800K, 0% used [0x00000000df080000,0x00000000df080000,0x00000000dfd00000)
 ParOldGen       total 52224K, used 17122K [0x0000000080000000, 0x0000000083300000, 0x00000000d5580000)
  object space 52224K, 32% used [0x0000000080000000,0x00000000810b8bf8,0x0000000083300000)
 Metaspace       used 47284K, capacity 48872K, committed 49072K, reserved 1091584K
  class space    used 6364K, capacity 6736K, committed 6832K, reserved 1048576K
Event: 15.208 GC heap after
Heap after GC invocations=13 (full 2):
 PSYoungGen      total 171520K, used 12789K [0x00000000d5580000, 0x00000000e4200000, 0x0000000100000000)
  eden space 158720K, 0% used [0x00000000d5580000,0x00000000d5580000,0x00000000df080000)
  from space 12800K, 99% used [0x00000000df080000,0x00000000dfcfd6a0,0x00000000dfd00000)
  to   space 16896K, 0% used [0x00000000e3180000,0x00000000e3180000,0x00000000e4200000)
 ParOldGen       total 52224K, used 23849K [0x0000000080000000, 0x0000000083300000, 0x00000000d5580000)
  object space 52224K, 45% used [0x0000000080000000,0x000000008174a500,0x0000000083300000)
 Metaspace       used 47284K, capacity 48872K, committed 49072K, reserved 1091584K
  class space    used 6364K, capacity 6736K, committed 6832K, reserved 1048576K
}
Event: 18.363 GC heap before
{Heap before GC invocations=14 (full 2):
 PSYoungGen      total 171520K, used 125322K [0x00000000d5580000, 0x00000000e4200000, 0x0000000100000000)
  eden space 158720K, 70% used [0x00000000d5580000,0x00000000dc365460,0x00000000df080000)
  from space 12800K, 99% used [0x00000000df080000,0x00000000dfcfd6a0,0x00000000dfd00000)
  to   space 16896K, 0% used [0x00000000e3180000,0x00000000e3180000,0x00000000e4200000)
 ParOldGen       total 52224K, used 23849K [0x0000000080000000, 0x0000000083300000, 0x00000000d5580000)
  object space 52224K, 45% used [0x0000000080000000,0x000000008174a500,0x0000000083300000)
 Metaspace       used 57031K, capacity 59058K, committed 59160K, reserved 1099776K
  class space    used 7706K, capacity 8176K, committed 8240K, reserved 1048576K
Event: 18.405 GC heap after
Heap after GC invocations=14 (full 2):
 PSYoungGen      total 223744K, used 13984K [0x00000000d5580000, 0x00000000e4380000, 0x0000000100000000)
  eden space 206848K, 0% used [0x00000000d5580000,0x00000000d5580000,0x00000000e1f80000)
  from space 16896K, 82% used [0x00000000e3180000,0x00000000e3f28350,0x00000000e4200000)
  to   space 18432K, 0% used [0x00000000e1f80000,0x00000000e1f80000,0x00000000e3180000)
 ParOldGen       total 52224K, used 32701K [0x0000000080000000, 0x0000000083300000, 0x00000000d5580000)
  object space 52224K, 62% used [0x0000000080000000,0x0000000081fef5f0,0x0000000083300000)
 Metaspace       used 57031K, capacity 59058K, committed 59160K, reserved 1099776K
  class space    used 7706K, capacity 8176K, committed 8240K, reserved 1048576K
}
Event: 18.405 GC heap before
{Heap before GC invocations=15 (full 3):
 PSYoungGen      total 223744K, used 13984K [0x00000000d5580000, 0x00000000e4380000, 0x0000000100000000)
  eden space 206848K, 0% used [0x00000000d5580000,0x00000000d5580000,0x00000000e1f80000)
  from space 16896K, 82% used [0x00000000e3180000,0x00000000e3f28350,0x00000000e4200000)
  to   space 18432K, 0% used [0x00000000e1f80000,0x00000000e1f80000,0x00000000e3180000)
 ParOldGen       total 52224K, used 32701K [0x0000000080000000, 0x0000000083300000, 0x00000000d5580000)
  object space 52224K, 62% used [0x0000000080000000,0x0000000081fef5f0,0x0000000083300000)
 Metaspace       used 57031K, capacity 59058K, committed 59160K, reserved 1099776K
  class space    used 7706K, capacity 8176K, committed 8240K, reserved 1048576K
Event: 18.641 GC heap after
Heap after GC invocations=15 (full 3):
 PSYoungGen      total 223744K, used 0K [0x00000000d5580000, 0x00000000e4380000, 0x0000000100000000)
  eden space 206848K, 0% used [0x00000000d5580000,0x00000000d5580000,0x00000000e1f80000)
  from space 16896K, 0% used [0x00000000e3180000,0x00000000e3180000,0x00000000e4200000)
  to   space 18432K, 0% used [0x00000000e1f80000,0x00000000e1f80000,0x00000000e3180000)
 ParOldGen       total 84480K, used 35111K [0x0000000080000000, 0x0000000085280000, 0x00000000d5580000)
  object space 84480K, 41% used [0x0000000080000000,0x0000000082249fd8,0x0000000085280000)
 Metaspace       used 57003K, capacity 58962K, committed 59160K, reserved 1099776K
  class space    used 7697K, capacity 8160K, committed 8240K, reserved 1048576K
}
Event: 23.118 GC heap before
{Heap before GC invocations=16 (full 3):
 PSYoungGen      total 223744K, used 206848K [0x00000000d5580000, 0x00000000e4380000, 0x0000000100000000)
  eden space 206848K, 100% used [0x00000000d5580000,0x00000000e1f80000,0x00000000e1f80000)
  from space 16896K, 0% used [0x00000000e3180000,0x00000000e3180000,0x00000000e4200000)
  to   space 18432K, 0% used [0x00000000e1f80000,0x00000000e1f80000,0x00000000e3180000)
 ParOldGen       total 84480K, used 35111K [0x0000000080000000, 0x0000000085280000, 0x00000000d5580000)
  object space 84480K, 41% used [0x0000000080000000,0x0000000082249fd8,0x0000000085280000)
 Metaspace       used 65559K, capacity 68858K, committed 69144K, reserved 1107968K
  class space    used 9018K, capacity 9680K, committed 9776K, reserved 1048576K
Event: 23.169 GC heap after
Heap after GC invocations=16 (full 3):
 PSYoungGen      total 225280K, used 18407K [0x00000000d5580000, 0x00000000e4380000, 0x0000000100000000)
  eden space 206848K, 0% used [0x00000000d5580000,0x00000000d5580000,0x00000000e1f80000)
  from space 18432K, 99% used [0x00000000e1f80000,0x00000000e3179cd0,0x00000000e3180000)
  to   space 16896K, 0% used [0x00000000e3180000,0x00000000e3180000,0x00000000e4200000)
 ParOldGen       total 84480K, used 39133K [0x0000000080000000, 0x0000000085280000, 0x00000000d5580000)
  object space 84480K, 46% used [0x0000000080000000,0x0000000082637498,0x0000000085280000)
 Metaspace       used 65559K, capacity 68858K, committed 69144K, reserved 1107968K
  class space    used 9018K, capacity 9680K, committed 9776K, reserved 1048576K
}

