# JRE version: OpenJDK Runtime Environment (8.0_242-b01) (build 1.8.0_242-release-1644-b01)
# Java VM: OpenJDK 64-Bit Server VM (25.242-b01 mixed mode windows-amd64 compressed oops)
Heap:
 PSYoungGen      total 63488K, used 32587K [0x00000000d5580000, 0x00000000d9b80000, 0x0000000100000000)
  eden space 58368K, 47% used [0x00000000d5580000,0x00000000d7055c18,0x00000000d8e80000)
  from space 5120K, 99% used [0x00000000d9480000,0x00000000d997d040,0x00000000d9980000)
  to   space 6144K, 0% used [0x00000000d8e80000,0x00000000d8e80000,0x00000000d9480000)
 ParOldGen       total 38400K, used 5679K [0x0000000080000000, 0x0000000082580000, 0x00000000d5580000)
  object space 38400K, 14% used [0x0000000080000000,0x000000008058bfc0,0x0000000082580000)
 Metaspace       used 15916K, capacity 16370K, committed 16768K, reserved 1062912K
  class space    used 2156K, capacity 2317K, committed 2432K, reserved 1048576K
GC Heap History (10 events):
Event: 4.224 GC heap before
{Heap before GC invocations=2 (full 0):
 PSYoungGen      total 16896K, used 16869K [0x00000000d5580000, 0x00000000d6800000, 0x0000000100000000)
  eden space 14848K, 100% used [0x00000000d5580000,0x00000000d6400000,0x00000000d6400000)
  from space 2048K, 98% used [0x00000000d6400000,0x00000000d65f95d8,0x00000000d6600000)
  to   space 2048K, 0% used [0x00000000d6600000,0x00000000d6600000,0x00000000d6800000)
 ParOldGen       total 38400K, used 102K [0x0000000080000000, 0x0000000082580000, 0x00000000d5580000)
  object space 38400K, 0% used [0x0000000080000000,0x0000000080019880,0x0000000082580000)
 Metaspace       used 7492K, capacity 7696K, committed 8064K, reserved 1056768K
  class space    used 921K, capacity 1032K, committed 1152K, reserved 1048576K
Event: 4.467 GC heap after
Heap after GC invocations=2 (full 0):
 PSYoungGen      total 16896K, used 2048K [0x00000000d5580000, 0x00000000d7680000, 0x0000000100000000)
  eden space 14848K, 0% used [0x00000000d5580000,0x00000000d5580000,0x00000000d6400000)
  from space 2048K, 100% used [0x00000000d6600000,0x00000000d6800000,0x00000000d6800000)
  to   space 2048K, 0% used [0x00000000d6400000,0x00000000d6400000,0x00000000d6600000)
 ParOldGen       total 38400K, used 1665K [0x0000000080000000, 0x0000000082580000, 0x00000000d5580000)
  object space 38400K, 4% used [0x0000000080000000,0x00000000801a06b0,0x0000000082580000)
 Metaspace       used 7492K, capacity 7696K, committed 8064K, reserved 1056768K
  class space    used 921K, capacity 1032K, committed 1152K, reserved 1048576K
}
Event: 5.168 GC heap before
{Heap before GC invocations=3 (full 0):
 PSYoungGen      total 16896K, used 16896K [0x00000000d5580000, 0x00000000d7680000, 0x0000000100000000)
  eden space 14848K, 100% used [0x00000000d5580000,0x00000000d6400000,0x00000000d6400000)
  from space 2048K, 100% used [0x00000000d6600000,0x00000000d6800000,0x00000000d6800000)
  to   space 2048K, 0% used [0x00000000d6400000,0x00000000d6400000,0x00000000d6600000)
 ParOldGen       total 38400K, used 1665K [0x0000000080000000, 0x0000000082580000, 0x00000000d5580000)
  object space 38400K, 4% used [0x0000000080000000,0x00000000801a06b0,0x0000000082580000)
 Metaspace       used 7547K, capacity 7760K, committed 8064K, reserved 1056768K
  class space    used 921K, capacity 1032K, committed 1152K, reserved 1048576K
Event: 5.187 GC heap after
Heap after GC invocations=3 (full 0):
 PSYoungGen      total 16896K, used 2032K [0x00000000d5580000, 0x00000000d7680000, 0x0000000100000000)
  eden space 14848K, 0% used [0x00000000d5580000,0x00000000d5580000,0x00000000d6400000)
  from space 2048K, 99% used [0x00000000d6400000,0x00000000d65fc010,0x00000000d6600000)
  to   space 2048K, 0% used [0x00000000d7480000,0x00000000d7480000,0x00000000d7680000)
 ParOldGen       total 38400K, used 1945K [0x0000000080000000, 0x0000000082580000, 0x00000000d5580000)
  object space 38400K, 5% used [0x0000000080000000,0x00000000801e66b0,0x0000000082580000)
 Metaspace       used 7547K, capacity 7760K, committed 8064K, reserved 1056768K
  class space    used 921K, capacity 1032K, committed 1152K, reserved 1048576K
}
Event: 5.657 GC heap before
{Heap before GC invocations=4 (full 0):
 PSYoungGen      total 16896K, used 16880K [0x00000000d5580000, 0x00000000d7680000, 0x0000000100000000)
  eden space 14848K, 100% used [0x00000000d5580000,0x00000000d6400000,0x00000000d6400000)
  from space 2048K, 99% used [0x00000000d6400000,0x00000000d65fc010,0x00000000d6600000)
  to   space 2048K, 0% used [0x00000000d7480000,0x00000000d7480000,0x00000000d7680000)
 ParOldGen       total 38400K, used 1945K [0x0000000080000000, 0x0000000082580000, 0x00000000d5580000)
  object space 38400K, 5% used [0x0000000080000000,0x00000000801e66b0,0x0000000082580000)
 Metaspace       used 7673K, capacity 7888K, committed 8064K, reserved 1056768K
  class space    used 930K, capacity 1032K, committed 1152K, reserved 1048576K
Event: 5.662 GC heap after
Heap after GC invocations=4 (full 0):
 PSYoungGen      total 31744K, used 2032K [0x00000000d5580000, 0x00000000d7680000, 0x0000000100000000)
  eden space 29696K, 0% used [0x00000000d5580000,0x00000000d5580000,0x00000000d7280000)
  from space 2048K, 99% used [0x00000000d7480000,0x00000000d767c010,0x00000000d7680000)
  to   space 2048K, 0% used [0x00000000d7280000,0x00000000d7280000,0x00000000d7480000)
 ParOldGen       total 38400K, used 2762K [0x0000000080000000, 0x0000000082580000, 0x00000000d5580000)
  object space 38400K, 7% used [0x0000000080000000,0x00000000802b2bb0,0x0000000082580000)
 Metaspace       used 7673K, capacity 7888K, committed 8064K, reserved 1056768K
  class space    used 930K, capacity 1032K, committed 1152K, reserved 1048576K
}
Event: 6.840 GC heap before
{Heap before GC invocations=5 (full 0):
 PSYoungGen      total 31744K, used 31728K [0x00000000d5580000, 0x00000000d7680000, 0x0000000100000000)
  eden space 29696K, 100% used [0x00000000d5580000,0x00000000d7280000,0x00000000d7280000)
  from space 2048K, 99% used [0x00000000d7480000,0x00000000d767c010,0x00000000d7680000)
  to   space 2048K, 0% used [0x00000000d7280000,0x00000000d7280000,0x00000000d7480000)
 ParOldGen       total 38400K, used 2762K [0x0000000080000000, 0x0000000082580000, 0x00000000d5580000)
  object space 38400K, 7% used [0x0000000080000000,0x00000000802b2bb0,0x0000000082580000)
 Metaspace       used 9897K, capacity 10128K, committed 10496K, reserved 1058816K
  class space    used 1318K, capacity 1440K, committed 1536K, reserved 1048576K
Event: 6.853 GC heap after
Heap after GC invocations=5 (full 0):
 PSYoungGen      total 31744K, used 2048K [0x00000000d5580000, 0x00000000d9980000, 0x0000000100000000)
  eden space 29696K, 0% used [0x00000000d5580000,0x00000000d5580000,0x00000000d7280000)
  from space 2048K, 100% used [0x00000000d7280000,0x00000000d7480000,0x00000000d7480000)
  to   space 5120K, 0% used [0x00000000d9480000,0x00000000d9480000,0x00000000d9980000)
 ParOldGen       total 38400K, used 5337K [0x0000000080000000, 0x0000000082580000, 0x00000000d5580000)
  object space 38400K, 13% used [0x0000000080000000,0x0000000080536448,0x0000000082580000)
 Metaspace       used 9897K, capacity 10128K, committed 10496K, reserved 1058816K
  class space    used 1318K, capacity 1440K, committed 1536K, reserved 1048576K
}
Event: 13.460 GC heap before
{Heap before GC invocations=6 (full 0):
 PSYoungGen      total 31744K, used 31744K [0x00000000d5580000, 0x00000000d9980000, 0x0000000100000000)
  eden space 29696K, 100% used [0x00000000d5580000,0x00000000d7280000,0x00000000d7280000)
  from space 2048K, 100% used [0x00000000d7280000,0x00000000d7480000,0x00000000d7480000)
  to   space 5120K, 0% used [0x00000000d9480000,0x00000000d9480000,0x00000000d9980000)
 ParOldGen       total 38400K, used 5337K [0x0000000080000000, 0x0000000082580000, 0x00000000d5580000)
  object space 38400K, 13% used [0x0000000080000000,0x0000000080536448,0x0000000082580000)
 Metaspace       used 13563K, capacity 13994K, committed 14080K, reserved 1060864K
  class space    used 1863K, capacity 2015K, committed 2048K, reserved 1048576K
Event: 13.497 GC heap after
Heap after GC invocations=6 (full 0):
 PSYoungGen      total 63488K, used 5108K [0x00000000d5580000, 0x00000000d9b80000, 0x0000000100000000)
  eden space 58368K, 0% used [0x00000000d5580000,0x00000000d5580000,0x00000000d8e80000)
  from space 5120K, 99% used [0x00000000d9480000,0x00000000d997d040,0x00000000d9980000)
  to   space 6144K, 0% used [0x00000000d8e80000,0x00000000d8e80000,0x00000000d9480000)
 ParOldGen       total 38400K, used 5679K [0x0000000080000000, 0x0000000082580000, 0x00000000d5580000)
  object space 38400K, 14% used [0x0000000080000000,0x000000008058bfc0,0x0000000082580000)
 Metaspace       used 13563K, capacity 13994K, committed 14080K, reserved 1060864K
  class space    used 1863K, capacity 2015K, committed 2048K, reserved 1048576K
}

