# JRE version: OpenJDK Runtime Environment (8.0_242-b01) (build 1.8.0_242-release-1644-b01)
# Java VM: OpenJDK 64-Bit Server VM (25.242-b01 mixed mode windows-amd64 compressed oops)
Heap:
 PSYoungGen      total 224256K, used 136209K [0x00000000d5580000, 0x00000000e4500000, 0x0000000100000000)
  eden space 205824K, 57% used [0x00000000d5580000,0x00000000dc884e68,0x00000000e1e80000)
  from space 18432K, 99% used [0x00000000e1e80000,0x00000000e307f968,0x00000000e3080000)
  to   space 16896K, 0% used [0x00000000e3080000,0x00000000e3080000,0x00000000e4100000)
 ParOldGen       total 84992K, used 36289K [0x0000000080000000, 0x0000000085300000, 0x00000000d5580000)
  object space 84992K, 42% used [0x0000000080000000,0x0000000082370650,0x0000000085300000)
 Metaspace       used 68733K, capacity 72338K, committed 72472K, reserved 1112064K
  class space    used 9328K, capacity 10012K, committed 10032K, reserved 1048576K
GC Heap History (10 events):
Event: 10.295 GC heap before
{Heap before GC invocations=12 (full 2):
 PSYoungGen      total 173568K, used 9754K [0x00000000d5580000, 0x00000000e0e00000, 0x0000000100000000)
  eden space 161792K, 0% used [0x00000000d5580000,0x00000000d5580000,0x00000000df380000)
  from space 11776K, 82% used [0x00000000e0000000,0x00000000e0986990,0x00000000e0b80000)
  to   space 12800K, 0% used [0x00000000df380000,0x00000000df380000,0x00000000e0000000)
 ParOldGen       total 32256K, used 12233K [0x0000000080000000, 0x0000000081f80000, 0x00000000d5580000)
  object space 32256K, 37% used [0x0000000080000000,0x0000000080bf24b8,0x0000000081f80000)
 Metaspace       used 34505K, capacity 35398K, committed 35496K, reserved 1079296K
  class space    used 4728K, capacity 4970K, committed 5040K, reserved 1048576K
Event: 10.389 GC heap after
Heap after GC invocations=12 (full 2):
 PSYoungGen      total 173568K, used 0K [0x00000000d5580000, 0x00000000e0e00000, 0x0000000100000000)
  eden space 161792K, 0% used [0x00000000d5580000,0x00000000d5580000,0x00000000df380000)
  from space 11776K, 0% used [0x00000000e0000000,0x00000000e0000000,0x00000000e0b80000)
  to   space 12800K, 0% used [0x00000000df380000,0x00000000df380000,0x00000000e0000000)
 ParOldGen       total 51200K, used 16329K [0x0000000080000000, 0x0000000083200000, 0x00000000d5580000)
  object space 51200K, 31% used [0x0000000080000000,0x0000000080ff25b0,0x0000000083200000)
 Metaspace       used 34505K, capacity 35398K, committed 35496K, reserved 1079296K
  class space    used 4728K, capacity 4970K, committed 5040K, reserved 1048576K
}
Event: 14.498 GC heap before
{Heap before GC invocations=13 (full 2):
 PSYoungGen      total 173568K, used 161792K [0x00000000d5580000, 0x00000000e0e00000, 0x0000000100000000)
  eden space 161792K, 100% used [0x00000000d5580000,0x00000000df380000,0x00000000df380000)
  from space 11776K, 0% used [0x00000000e0000000,0x00000000e0000000,0x00000000e0b80000)
  to   space 12800K, 0% used [0x00000000df380000,0x00000000df380000,0x00000000e0000000)
 ParOldGen       total 51200K, used 16329K [0x0000000080000000, 0x0000000083200000, 0x00000000d5580000)
  object space 51200K, 31% used [0x0000000080000000,0x0000000080ff25b0,0x0000000083200000)
 Metaspace       used 47387K, capacity 49014K, committed 49328K, reserved 1091584K
  class space    used 6364K, capacity 6733K, committed 6832K, reserved 1048576K
Event: 14.533 GC heap after
Heap after GC invocations=13 (full 2):
 PSYoungGen      total 174592K, used 12787K [0x00000000d5580000, 0x00000000e4100000, 0x0000000100000000)
  eden space 161792K, 0% used [0x00000000d5580000,0x00000000d5580000,0x00000000df380000)
  from space 12800K, 99% used [0x00000000df380000,0x00000000dfffcd18,0x00000000e0000000)
  to   space 16896K, 0% used [0x00000000e3080000,0x00000000e3080000,0x00000000e4100000)
 ParOldGen       total 51200K, used 21915K [0x0000000080000000, 0x0000000083200000, 0x00000000d5580000)
  object space 51200K, 42% used [0x0000000080000000,0x0000000081566e88,0x0000000083200000)
 Metaspace       used 47387K, capacity 49014K, committed 49328K, reserved 1091584K
  class space    used 6364K, capacity 6733K, committed 6832K, reserved 1048576K
}
Event: 17.672 GC heap before
{Heap before GC invocations=14 (full 2):
 PSYoungGen      total 174592K, used 126719K [0x00000000d5580000, 0x00000000e4100000, 0x0000000100000000)
  eden space 161792K, 70% used [0x00000000d5580000,0x00000000dc4c3298,0x00000000df380000)
  from space 12800K, 99% used [0x00000000df380000,0x00000000dfffcd18,0x00000000e0000000)
  to   space 16896K, 0% used [0x00000000e3080000,0x00000000e3080000,0x00000000e4100000)
 ParOldGen       total 51200K, used 21915K [0x0000000080000000, 0x0000000083200000, 0x00000000d5580000)
  object space 51200K, 42% used [0x0000000080000000,0x0000000081566e88,0x0000000083200000)
 Metaspace       used 57040K, capacity 59084K, committed 59160K, reserved 1099776K
  class space    used 7715K, capacity 8177K, committed 8240K, reserved 1048576K
Event: 17.723 GC heap after
Heap after GC invocations=14 (full 2):
 PSYoungGen      total 222720K, used 13810K [0x00000000d5580000, 0x00000000e4500000, 0x0000000100000000)
  eden space 205824K, 0% used [0x00000000d5580000,0x00000000d5580000,0x00000000e1e80000)
  from space 16896K, 81% used [0x00000000e3080000,0x00000000e3dfcb80,0x00000000e4100000)
  to   space 18432K, 0% used [0x00000000e1e80000,0x00000000e1e80000,0x00000000e3080000)
 ParOldGen       total 51200K, used 30827K [0x0000000080000000, 0x0000000083200000, 0x00000000d5580000)
  object space 51200K, 60% used [0x0000000080000000,0x0000000081e1ad38,0x0000000083200000)
 Metaspace       used 57040K, capacity 59084K, committed 59160K, reserved 1099776K
  class space    used 7715K, capacity 8177K, committed 8240K, reserved 1048576K
}
Event: 17.723 GC heap before
{Heap before GC invocations=15 (full 3):
 PSYoungGen      total 222720K, used 13810K [0x00000000d5580000, 0x00000000e4500000, 0x0000000100000000)
  eden space 205824K, 0% used [0x00000000d5580000,0x00000000d5580000,0x00000000e1e80000)
  from space 16896K, 81% used [0x00000000e3080000,0x00000000e3dfcb80,0x00000000e4100000)
  to   space 18432K, 0% used [0x00000000e1e80000,0x00000000e1e80000,0x00000000e3080000)
 ParOldGen       total 51200K, used 30827K [0x0000000080000000, 0x0000000083200000, 0x00000000d5580000)
  object space 51200K, 60% used [0x0000000080000000,0x0000000081e1ad38,0x0000000083200000)
 Metaspace       used 57040K, capacity 59084K, committed 59160K, reserved 1099776K
  class space    used 7715K, capacity 8177K, committed 8240K, reserved 1048576K
Event: 18.055 GC heap after
Heap after GC invocations=15 (full 3):
 PSYoungGen      total 222720K, used 0K [0x00000000d5580000, 0x00000000e4500000, 0x0000000100000000)
  eden space 205824K, 0% used [0x00000000d5580000,0x00000000d5580000,0x00000000e1e80000)
  from space 16896K, 0% used [0x00000000e3080000,0x00000000e3080000,0x00000000e4100000)
  to   space 18432K, 0% used [0x00000000e1e80000,0x00000000e1e80000,0x00000000e3080000)
 ParOldGen       total 84992K, used 35023K [0x0000000080000000, 0x0000000085300000, 0x00000000d5580000)
  object space 84992K, 41% used [0x0000000080000000,0x0000000082233e78,0x0000000085300000)
 Metaspace       used 57007K, capacity 58970K, committed 59160K, reserved 1099776K
  class space    used 7704K, capacity 8158K, committed 8240K, reserved 1048576K
}
Event: 22.851 GC heap before
{Heap before GC invocations=16 (full 3):
 PSYoungGen      total 222720K, used 205824K [0x00000000d5580000, 0x00000000e4500000, 0x0000000100000000)
  eden space 205824K, 100% used [0x00000000d5580000,0x00000000e1e80000,0x00000000e1e80000)
  from space 16896K, 0% used [0x00000000e3080000,0x00000000e3080000,0x00000000e4100000)
  to   space 18432K, 0% used [0x00000000e1e80000,0x00000000e1e80000,0x00000000e3080000)
 ParOldGen       total 84992K, used 35023K [0x0000000080000000, 0x0000000085300000, 0x00000000d5580000)
  object space 84992K, 41% used [0x0000000080000000,0x0000000082233e78,0x0000000085300000)
 Metaspace       used 64996K, capacity 68420K, committed 68504K, reserved 1107968K
  class space    used 8948K, capacity 9597K, committed 9648K, reserved 1048576K
Event: 22.900 GC heap after
Heap after GC invocations=16 (full 3):
 PSYoungGen      total 224256K, used 18430K [0x00000000d5580000, 0x00000000e4500000, 0x0000000100000000)
  eden space 205824K, 0% used [0x00000000d5580000,0x00000000d5580000,0x00000000e1e80000)
  from space 18432K, 99% used [0x00000000e1e80000,0x00000000e307f968,0x00000000e3080000)
  to   space 16896K, 0% used [0x00000000e3080000,0x00000000e3080000,0x00000000e4100000)
 ParOldGen       total 84992K, used 36289K [0x0000000080000000, 0x0000000085300000, 0x00000000d5580000)
  object space 84992K, 42% used [0x0000000080000000,0x0000000082370650,0x0000000085300000)
 Metaspace       used 64996K, capacity 68420K, committed 68504K, reserved 1107968K
  class space    used 8948K, capacity 9597K, committed 9648K, reserved 1048576K
}

