# JRE version: OpenJDK Runtime Environment (8.0_242-b01) (build 1.8.0_242-release-1644-b01)
# Java VM: OpenJDK 64-Bit Server VM (25.242-b01 mixed mode windows-amd64 compressed oops)
Heap:
 PSYoungGen      total 342528K, used 56819K [0x00000000d5580000, 0x00000000f0400000, 0x0000000100000000)
  eden space 312320K, 8% used [0x00000000d5580000,0x00000000d6f80848,0x00000000e8680000)
  from space 30208K, 99% used [0x00000000e8680000,0x00000000ea3fc480,0x00000000ea400000)
  to   space 44544K, 0% used [0x00000000ed880000,0x00000000ed880000,0x00000000f0400000)
 ParOldGen       total 131072K, used 83916K [0x0000000080000000, 0x0000000088000000, 0x00000000d5580000)
  object space 131072K, 64% used [0x0000000080000000,0x00000000851f3228,0x0000000088000000)
 Metaspace       used 111648K, capacity 118500K, committed 118680K, reserved 1153024K
  class space    used 14708K, capacity 15980K, committed 16048K, reserved 1048576K
GC Heap History (10 events):
Event: 313.478 GC heap before
{Heap before GC invocations=19 (full 3):
 PSYoungGen      total 270848K, used 266386K [0x00000000d5580000, 0x00000000ea300000, 0x0000000100000000)
  eden space 245760K, 100% used [0x00000000d5580000,0x00000000e4580000,0x00000000e4580000)
  from space 25088K, 82% used [0x00000000e4580000,0x00000000e59a4af8,0x00000000e5e00000)
  to   space 27136K, 0% used [0x00000000e8880000,0x00000000e8880000,0x00000000ea300000)
 ParOldGen       total 86528K, used 55963K [0x0000000080000000, 0x0000000085480000, 0x00000000d5580000)
  object space 86528K, 64% used [0x0000000080000000,0x00000000836a6c50,0x0000000085480000)
 Metaspace       used 88124K, capacity 92920K, committed 93208K, reserved 1130496K
  class space    used 11587K, capacity 12496K, committed 12592K, reserved 1048576K
Event: 313.865 GC heap after
Heap after GC invocations=19 (full 3):
 PSYoungGen      total 303104K, used 16697K [0x00000000d5580000, 0x00000000e9e00000, 0x0000000100000000)
  eden space 281088K, 0% used [0x00000000d5580000,0x00000000d5580000,0x00000000e6800000)
  from space 22016K, 75% used [0x00000000e8880000,0x00000000e98ce4f8,0x00000000e9e00000)
  to   space 27648K, 0% used [0x00000000e6800000,0x00000000e6800000,0x00000000e8300000)
 ParOldGen       total 86528K, used 55971K [0x0000000080000000, 0x0000000085480000, 0x00000000d5580000)
  object space 86528K, 64% used [0x0000000080000000,0x00000000836a8c50,0x0000000085480000)
 Metaspace       used 88124K, capacity 92920K, committed 93208K, reserved 1130496K
  class space    used 11587K, capacity 12496K, committed 12592K, reserved 1048576K
}
Event: 321.425 GC heap before
{Heap before GC invocations=20 (full 3):
 PSYoungGen      total 303104K, used 173761K [0x00000000d5580000, 0x00000000e9e00000, 0x0000000100000000)
  eden space 281088K, 55% used [0x00000000d5580000,0x00000000deee1f70,0x00000000e6800000)
  from space 22016K, 75% used [0x00000000e8880000,0x00000000e98ce4f8,0x00000000e9e00000)
  to   space 27648K, 0% used [0x00000000e6800000,0x00000000e6800000,0x00000000e8300000)
 ParOldGen       total 86528K, used 55971K [0x0000000080000000, 0x0000000085480000, 0x00000000d5580000)
  object space 86528K, 64% used [0x0000000080000000,0x00000000836a8c50,0x0000000085480000)
 Metaspace       used 93234K, capacity 98530K, committed 98600K, reserved 1134592K
  class space    used 12231K, capacity 13163K, committed 13232K, reserved 1048576K
Event: 321.531 GC heap after
Heap after GC invocations=20 (full 3):
 PSYoungGen      total 308736K, used 25828K [0x00000000d5580000, 0x00000000ec400000, 0x0000000100000000)
  eden space 281088K, 0% used [0x00000000d5580000,0x00000000d5580000,0x00000000e6800000)
  from space 27648K, 93% used [0x00000000e6800000,0x00000000e8139088,0x00000000e8300000)
  to   space 31232K, 0% used [0x00000000ea580000,0x00000000ea580000,0x00000000ec400000)
 ParOldGen       total 86528K, used 55979K [0x0000000080000000, 0x0000000085480000, 0x00000000d5580000)
  object space 86528K, 64% used [0x0000000080000000,0x00000000836aac50,0x0000000085480000)
 Metaspace       used 93234K, capacity 98530K, committed 98600K, reserved 1134592K
  class space    used 12231K, capacity 13163K, committed 13232K, reserved 1048576K
}
Event: 321.531 GC heap before
{Heap before GC invocations=21 (full 4):
 PSYoungGen      total 308736K, used 25828K [0x00000000d5580000, 0x00000000ec400000, 0x0000000100000000)
  eden space 281088K, 0% used [0x00000000d5580000,0x00000000d5580000,0x00000000e6800000)
  from space 27648K, 93% used [0x00000000e6800000,0x00000000e8139088,0x00000000e8300000)
  to   space 31232K, 0% used [0x00000000ea580000,0x00000000ea580000,0x00000000ec400000)
 ParOldGen       total 86528K, used 55979K [0x0000000080000000, 0x0000000085480000, 0x00000000d5580000)
  object space 86528K, 64% used [0x0000000080000000,0x00000000836aac50,0x0000000085480000)
 Metaspace       used 93234K, capacity 98530K, committed 98600K, reserved 1134592K
  class space    used 12231K, capacity 13163K, committed 13232K, reserved 1048576K
Event: 322.074 GC heap after
Heap after GC invocations=21 (full 4):
 PSYoungGen      total 308736K, used 0K [0x00000000d5580000, 0x00000000ec400000, 0x0000000100000000)
  eden space 281088K, 0% used [0x00000000d5580000,0x00000000d5580000,0x00000000e6800000)
  from space 27648K, 0% used [0x00000000e6800000,0x00000000e6800000,0x00000000e8300000)
  to   space 31232K, 0% used [0x00000000ea580000,0x00000000ea580000,0x00000000ec400000)
 ParOldGen       total 131072K, used 58144K [0x0000000080000000, 0x0000000088000000, 0x00000000d5580000)
  object space 131072K, 44% used [0x0000000080000000,0x00000000838c83e0,0x0000000088000000)
 Metaspace       used 92716K, capacity 97094K, committed 98600K, reserved 1134592K
  class space    used 12067K, capacity 12886K, committed 13232K, reserved 1048576K
}
Event: 3258.143 GC heap before
{Heap before GC invocations=22 (full 4):
 PSYoungGen      total 308736K, used 281088K [0x00000000d5580000, 0x00000000ec400000, 0x0000000100000000)
  eden space 281088K, 100% used [0x00000000d5580000,0x00000000e6800000,0x00000000e6800000)
  from space 27648K, 0% used [0x00000000e6800000,0x00000000e6800000,0x00000000e8300000)
  to   space 31232K, 0% used [0x00000000ea580000,0x00000000ea580000,0x00000000ec400000)
 ParOldGen       total 131072K, used 58144K [0x0000000080000000, 0x0000000088000000, 0x00000000d5580000)
  object space 131072K, 44% used [0x0000000080000000,0x00000000838c83e0,0x0000000088000000)
 Metaspace       used 97077K, capacity 102232K, committed 102424K, reserved 1138688K
  class space    used 12618K, capacity 13615K, committed 13616K, reserved 1048576K
Event: 3258.484 GC heap after
Heap after GC invocations=22 (full 4):
 PSYoungGen      total 340992K, used 15333K [0x00000000d5580000, 0x00000000ec180000, 0x0000000100000000)
  eden space 312320K, 0% used [0x00000000d5580000,0x00000000d5580000,0x00000000e8680000)
  from space 28672K, 53% used [0x00000000ea580000,0x00000000eb479720,0x00000000ec180000)
  to   space 30208K, 0% used [0x00000000e8680000,0x00000000e8680000,0x00000000ea400000)
 ParOldGen       total 131072K, used 58152K [0x0000000080000000, 0x0000000088000000, 0x00000000d5580000)
  object space 131072K, 44% used [0x0000000080000000,0x00000000838ca3e0,0x0000000088000000)
 Metaspace       used 97077K, capacity 102232K, committed 102424K, reserved 1138688K
  class space    used 12618K, capacity 13615K, committed 13616K, reserved 1048576K
}
Event: 3277.742 GC heap before
{Heap before GC invocations=23 (full 4):
 PSYoungGen      total 340992K, used 327653K [0x00000000d5580000, 0x00000000ec180000, 0x0000000100000000)
  eden space 312320K, 100% used [0x00000000d5580000,0x00000000e8680000,0x00000000e8680000)
  from space 28672K, 53% used [0x00000000ea580000,0x00000000eb479720,0x00000000ec180000)
  to   space 30208K, 0% used [0x00000000e8680000,0x00000000e8680000,0x00000000ea400000)
 ParOldGen       total 131072K, used 58152K [0x0000000080000000, 0x0000000088000000, 0x00000000d5580000)
  object space 131072K, 44% used [0x0000000080000000,0x00000000838ca3e0,0x0000000088000000)
 Metaspace       used 111600K, capacity 118436K, committed 118680K, reserved 1153024K
  class space    used 14708K, capacity 15980K, committed 16048K, reserved 1048576K
Event: 3277.987 GC heap after
Heap after GC invocations=23 (full 4):
 PSYoungGen      total 342528K, used 30193K [0x00000000d5580000, 0x00000000f0400000, 0x0000000100000000)
  eden space 312320K, 0% used [0x00000000d5580000,0x00000000d5580000,0x00000000e8680000)
  from space 30208K, 99% used [0x00000000e8680000,0x00000000ea3fc480,0x00000000ea400000)
  to   space 44544K, 0% used [0x00000000ed880000,0x00000000ed880000,0x00000000f0400000)
 ParOldGen       total 131072K, used 83916K [0x0000000080000000, 0x0000000088000000, 0x00000000d5580000)
  object space 131072K, 64% used [0x0000000080000000,0x00000000851f3228,0x0000000088000000)
 Metaspace       used 111600K, capacity 118436K, committed 118680K, reserved 1153024K
  class space    used 14708K, capacity 15980K, committed 16048K, reserved 1048576K
}

