# JRE version: OpenJDK Runtime Environment (8.0_242-b01) (build 1.8.0_242-release-1644-b01)
# Java VM: OpenJDK 64-Bit Server VM (25.242-b01 mixed mode windows-amd64 compressed oops)
Heap:
 PSYoungGen      total 31744K, used 14149K [0x00000000edb00000, 0x00000000efc00000, 0x0000000100000000)
  eden space 29696K, 40% used [0x00000000edb00000,0x00000000ee6d94d8,0x00000000ef800000)
  from space 2048K, 98% used [0x00000000ef800000,0x00000000ef9f8020,0x00000000efa00000)
  to   space 2048K, 0% used [0x00000000efa00000,0x00000000efa00000,0x00000000efc00000)
 ParOldGen       total 38400K, used 11121K [0x00000000c9000000, 0x00000000cb580000, 0x00000000edb00000)
  object space 38400K, 28% used [0x00000000c9000000,0x00000000c9adc770,0x00000000cb580000)
 Metaspace       used 17786K, capacity 18178K, committed 18688K, reserved 1071104K
  class space    used 2074K, capacity 2189K, committed 2304K, reserved 1048576K
GC Heap History (6 events):
Event: 0.653 GC heap before
{Heap before GC invocations=1 (full 0):
 PSYoungGen      total 16896K, used 14848K [0x00000000edb00000, 0x00000000eed80000, 0x0000000100000000)
  eden space 14848K, 100% used [0x00000000edb00000,0x00000000ee980000,0x00000000ee980000)
  from space 2048K, 0% used [0x00000000eeb80000,0x00000000eeb80000,0x00000000eed80000)
  to   space 2048K, 0% used [0x00000000ee980000,0x00000000ee980000,0x00000000eeb80000)
 ParOldGen       total 38400K, used 0K [0x00000000c9000000, 0x00000000cb580000, 0x00000000edb00000)
  object space 38400K, 0% used [0x00000000c9000000,0x00000000c9000000,0x00000000cb580000)
 Metaspace       used 6931K, capacity 7372K, committed 7424K, reserved 1056768K
  class space    used 694K, capacity 764K, committed 768K, reserved 1048576K
Event: 0.664 GC heap after
Heap after GC invocations=1 (full 0):
 PSYoungGen      total 16896K, used 2028K [0x00000000edb00000, 0x00000000efc00000, 0x0000000100000000)
  eden space 14848K, 0% used [0x00000000edb00000,0x00000000edb00000,0x00000000ee980000)
  from space 2048K, 99% used [0x00000000ee980000,0x00000000eeb7b0f8,0x00000000eeb80000)
  to   space 2048K, 0% used [0x00000000efa00000,0x00000000efa00000,0x00000000efc00000)
 ParOldGen       total 38400K, used 1443K [0x00000000c9000000, 0x00000000cb580000, 0x00000000edb00000)
  object space 38400K, 3% used [0x00000000c9000000,0x00000000c9168ce8,0x00000000cb580000)
 Metaspace       used 6931K, capacity 7372K, committed 7424K, reserved 1056768K
  class space    used 694K, capacity 764K, committed 768K, reserved 1048576K
}
Event: 1.075 GC heap before
{Heap before GC invocations=2 (full 0):
 PSYoungGen      total 16896K, used 16876K [0x00000000edb00000, 0x00000000efc00000, 0x0000000100000000)
  eden space 14848K, 100% used [0x00000000edb00000,0x00000000ee980000,0x00000000ee980000)
  from space 2048K, 99% used [0x00000000ee980000,0x00000000eeb7b0f8,0x00000000eeb80000)
  to   space 2048K, 0% used [0x00000000efa00000,0x00000000efa00000,0x00000000efc00000)
 ParOldGen       total 38400K, used 1443K [0x00000000c9000000, 0x00000000cb580000, 0x00000000edb00000)
  object space 38400K, 3% used [0x00000000c9000000,0x00000000c9168ce8,0x00000000cb580000)
 Metaspace       used 9632K, capacity 9780K, committed 9856K, reserved 1058816K
  class space    used 1043K, capacity 1116K, committed 1152K, reserved 1048576K
Event: 1.085 GC heap after
Heap after GC invocations=2 (full 0):
 PSYoungGen      total 31744K, used 2029K [0x00000000edb00000, 0x00000000efc00000, 0x0000000100000000)
  eden space 29696K, 0% used [0x00000000edb00000,0x00000000edb00000,0x00000000ef800000)
  from space 2048K, 99% used [0x00000000efa00000,0x00000000efbfb400,0x00000000efc00000)
  to   space 2048K, 0% used [0x00000000ef800000,0x00000000ef800000,0x00000000efa00000)
 ParOldGen       total 38400K, used 4080K [0x00000000c9000000, 0x00000000cb580000, 0x00000000edb00000)
  object space 38400K, 10% used [0x00000000c9000000,0x00000000c93fc3e8,0x00000000cb580000)
 Metaspace       used 9632K, capacity 9780K, committed 9856K, reserved 1058816K
  class space    used 1043K, capacity 1116K, committed 1152K, reserved 1048576K
}
Event: 2.091 GC heap before
{Heap before GC invocations=3 (full 0):
 PSYoungGen      total 31744K, used 31725K [0x00000000edb00000, 0x00000000efc00000, 0x0000000100000000)
  eden space 29696K, 100% used [0x00000000edb00000,0x00000000ef800000,0x00000000ef800000)
  from space 2048K, 99% used [0x00000000efa00000,0x00000000efbfb400,0x00000000efc00000)
  to   space 2048K, 0% used [0x00000000ef800000,0x00000000ef800000,0x00000000efa00000)
 ParOldGen       total 38400K, used 4080K [0x00000000c9000000, 0x00000000cb580000, 0x00000000edb00000)
  object space 38400K, 10% used [0x00000000c9000000,0x00000000c93fc3e8,0x00000000cb580000)
 Metaspace       used 14676K, capacity 14992K, committed 15104K, reserved 1062912K
  class space    used 1693K, capacity 1766K, committed 1792K, reserved 1048576K
Event: 2.111 GC heap after
Heap after GC invocations=3 (full 0):
 PSYoungGen      total 31744K, used 2016K [0x00000000edb00000, 0x00000000efc00000, 0x0000000100000000)
  eden space 29696K, 0% used [0x00000000edb00000,0x00000000edb00000,0x00000000ef800000)
  from space 2048K, 98% used [0x00000000ef800000,0x00000000ef9f8020,0x00000000efa00000)
  to   space 2048K, 0% used [0x00000000efa00000,0x00000000efa00000,0x00000000efc00000)
 ParOldGen       total 38400K, used 11121K [0x00000000c9000000, 0x00000000cb580000, 0x00000000edb00000)
  object space 38400K, 28% used [0x00000000c9000000,0x00000000c9adc770,0x00000000cb580000)
 Metaspace       used 14676K, capacity 14992K, committed 15104K, reserved 1062912K
  class space    used 1693K, capacity 1766K, committed 1792K, reserved 1048576K
}

