# JRE version: OpenJDK Runtime Environment (8.0_242-b01) (build 1.8.0_242-release-1644-b01)
# Java VM: OpenJDK 64-Bit Server VM (25.242-b01 mixed mode windows-amd64 compressed oops)
Heap:
 PSYoungGen      total 265216K, used 195657K [0x00000000d5580000, 0x00000000ec180000, 0x0000000100000000)
  eden space 235520K, 83% used [0x00000000d5580000,0x00000000e1525318,0x00000000e3b80000)
  from space 29696K, 0% used [0x00000000e6a00000,0x00000000e6a00000,0x00000000e8700000)
  to   space 47616K, 0% used [0x00000000e3b80000,0x00000000e3b80000,0x00000000e6a00000)
 ParOldGen       total 95232K, used 95155K [0x0000000080000000, 0x0000000085d00000, 0x00000000d5580000)
  object space 95232K, 99% used [0x0000000080000000,0x0000000085cecf10,0x0000000085d00000)
 Metaspace       used 93351K, capacity 98298K, committed 99096K, reserved 1134592K
  class space    used 12438K, capacity 13348K, committed 13608K, reserved 1048576K
GC Heap History (10 events):
Event: 51.459 GC heap before
{Heap before GC invocations=27 (full 11):
 PSYoungGen      total 265216K, used 235520K [0x00000000d5580000, 0x00000000ec180000, 0x0000000100000000)
  eden space 235520K, 100% used [0x00000000d5580000,0x00000000e3b80000,0x00000000e3b80000)
  from space 29696K, 0% used [0x00000000e6a00000,0x00000000e6a00000,0x00000000e8700000)
  to   space 47616K, 0% used [0x00000000e3b80000,0x00000000e3b80000,0x00000000e6a00000)
 ParOldGen       total 95232K, used 94801K [0x0000000080000000, 0x0000000085d00000, 0x00000000d5580000)
  object space 95232K, 99% used [0x0000000080000000,0x0000000085c94560,0x0000000085d00000)
 Metaspace       used 92143K, capacity 96772K, committed 97944K, reserved 1134592K
  class space    used 12301K, capacity 13173K, committed 13480K, reserved 1048576K
Event: 52.114 GC heap after
Heap after GC invocations=27 (full 11):
 PSYoungGen      total 265216K, used 8131K [0x00000000d5580000, 0x00000000ec180000, 0x0000000100000000)
  eden space 235520K, 3% used [0x00000000d5580000,0x00000000d5d70f00,0x00000000e3b80000)
  from space 29696K, 0% used [0x00000000e6a00000,0x00000000e6a00000,0x00000000e8700000)
  to   space 47616K, 0% used [0x00000000e3b80000,0x00000000e3b80000,0x00000000e6a00000)
 ParOldGen       total 95232K, used 94890K [0x0000000080000000, 0x0000000085d00000, 0x00000000d5580000)
  object space 95232K, 99% used [0x0000000080000000,0x0000000085caa8d0,0x0000000085d00000)
 Metaspace       used 92143K, capacity 96772K, committed 97944K, reserved 1134592K
  class space    used 12301K, capacity 13173K, committed 13480K, reserved 1048576K
}
Event: 52.995 GC heap before
{Heap before GC invocations=28 (full 12):
 PSYoungGen      total 265216K, used 235520K [0x00000000d5580000, 0x00000000ec180000, 0x0000000100000000)
  eden space 235520K, 100% used [0x00000000d5580000,0x00000000e3b80000,0x00000000e3b80000)
  from space 29696K, 0% used [0x00000000e6a00000,0x00000000e6a00000,0x00000000e8700000)
  to   space 47616K, 0% used [0x00000000e3b80000,0x00000000e3b80000,0x00000000e6a00000)
 ParOldGen       total 95232K, used 94890K [0x0000000080000000, 0x0000000085d00000, 0x00000000d5580000)
  object space 95232K, 99% used [0x0000000080000000,0x0000000085caa8d0,0x0000000085d00000)
 Metaspace       used 92153K, capacity 96776K, committed 97944K, reserved 1134592K
  class space    used 12303K, capacity 13175K, committed 13480K, reserved 1048576K
Event: 53.603 GC heap after
Heap after GC invocations=28 (full 12):
 PSYoungGen      total 265216K, used 7787K [0x00000000d5580000, 0x00000000ec180000, 0x0000000100000000)
  eden space 235520K, 3% used [0x00000000d5580000,0x00000000d5d1adb0,0x00000000e3b80000)
  from space 29696K, 0% used [0x00000000e6a00000,0x00000000e6a00000,0x00000000e8700000)
  to   space 47616K, 0% used [0x00000000e3b80000,0x00000000e3b80000,0x00000000e6a00000)
 ParOldGen       total 95232K, used 94977K [0x0000000080000000, 0x0000000085d00000, 0x00000000d5580000)
  object space 95232K, 99% used [0x0000000080000000,0x0000000085cc0540,0x0000000085d00000)
 Metaspace       used 92153K, capacity 96776K, committed 97944K, reserved 1134592K
  class space    used 12303K, capacity 13175K, committed 13480K, reserved 1048576K
}
Event: 54.399 GC heap before
{Heap before GC invocations=29 (full 13):
 PSYoungGen      total 265216K, used 235520K [0x00000000d5580000, 0x00000000ec180000, 0x0000000100000000)
  eden space 235520K, 100% used [0x00000000d5580000,0x00000000e3b80000,0x00000000e3b80000)
  from space 29696K, 0% used [0x00000000e6a00000,0x00000000e6a00000,0x00000000e8700000)
  to   space 47616K, 0% used [0x00000000e3b80000,0x00000000e3b80000,0x00000000e6a00000)
 ParOldGen       total 95232K, used 94977K [0x0000000080000000, 0x0000000085d00000, 0x00000000d5580000)
  object space 95232K, 99% used [0x0000000080000000,0x0000000085cc0540,0x0000000085d00000)
 Metaspace       used 92159K, capacity 96780K, committed 97944K, reserved 1134592K
  class space    used 12303K, capacity 13175K, committed 13480K, reserved 1048576K
Event: 55.083 GC heap after
Heap after GC invocations=29 (full 13):
 PSYoungGen      total 265216K, used 8089K [0x00000000d5580000, 0x00000000ec180000, 0x0000000100000000)
  eden space 235520K, 3% used [0x00000000d5580000,0x00000000d5d66660,0x00000000e3b80000)
  from space 29696K, 0% used [0x00000000e6a00000,0x00000000e6a00000,0x00000000e8700000)
  to   space 47616K, 0% used [0x00000000e3b80000,0x00000000e3b80000,0x00000000e6a00000)
 ParOldGen       total 95232K, used 95128K [0x0000000080000000, 0x0000000085d00000, 0x00000000d5580000)
  object space 95232K, 99% used [0x0000000080000000,0x0000000085ce6280,0x0000000085d00000)
 Metaspace       used 92159K, capacity 96780K, committed 97944K, reserved 1134592K
  class space    used 12303K, capacity 13175K, committed 13480K, reserved 1048576K
}
Event: 56.003 GC heap before
{Heap before GC invocations=30 (full 14):
 PSYoungGen      total 265216K, used 235520K [0x00000000d5580000, 0x00000000ec180000, 0x0000000100000000)
  eden space 235520K, 100% used [0x00000000d5580000,0x00000000e3b80000,0x00000000e3b80000)
  from space 29696K, 0% used [0x00000000e6a00000,0x00000000e6a00000,0x00000000e8700000)
  to   space 47616K, 0% used [0x00000000e3b80000,0x00000000e3b80000,0x00000000e6a00000)
 ParOldGen       total 95232K, used 95128K [0x0000000080000000, 0x0000000085d00000, 0x00000000d5580000)
  object space 95232K, 99% used [0x0000000080000000,0x0000000085ce6280,0x0000000085d00000)
 Metaspace       used 92162K, capacity 96780K, committed 97944K, reserved 1134592K
  class space    used 12303K, capacity 13175K, committed 13480K, reserved 1048576K
Event: 56.685 GC heap after
Heap after GC invocations=30 (full 14):
 PSYoungGen      total 265216K, used 8789K [0x00000000d5580000, 0x00000000ec180000, 0x0000000100000000)
  eden space 235520K, 3% used [0x00000000d5580000,0x00000000d5e156b8,0x00000000e3b80000)
  from space 29696K, 0% used [0x00000000e6a00000,0x00000000e6a00000,0x00000000e8700000)
  to   space 47616K, 0% used [0x00000000e3b80000,0x00000000e3b80000,0x00000000e6a00000)
 ParOldGen       total 95232K, used 94723K [0x0000000080000000, 0x0000000085d00000, 0x00000000d5580000)
  object space 95232K, 99% used [0x0000000080000000,0x0000000085c80ff8,0x0000000085d00000)
 Metaspace       used 92162K, capacity 96780K, committed 97944K, reserved 1134592K
  class space    used 12303K, capacity 13175K, committed 13480K, reserved 1048576K
}
Event: 57.871 GC heap before
{Heap before GC invocations=31 (full 15):
 PSYoungGen      total 265216K, used 235520K [0x00000000d5580000, 0x00000000ec180000, 0x0000000100000000)
  eden space 235520K, 100% used [0x00000000d5580000,0x00000000e3b80000,0x00000000e3b80000)
  from space 29696K, 0% used [0x00000000e6a00000,0x00000000e6a00000,0x00000000e8700000)
  to   space 47616K, 0% used [0x00000000e3b80000,0x00000000e3b80000,0x00000000e6a00000)
 ParOldGen       total 95232K, used 94723K [0x0000000080000000, 0x0000000085d00000, 0x00000000d5580000)
  object space 95232K, 99% used [0x0000000080000000,0x0000000085c80ff8,0x0000000085d00000)
 Metaspace       used 92914K, capacity 97626K, committed 98712K, reserved 1134592K
  class space    used 12395K, capacity 13274K, committed 13480K, reserved 1048576K
Event: 58.592 GC heap after
Heap after GC invocations=31 (full 15):
 PSYoungGen      total 265216K, used 8604K [0x00000000d5580000, 0x00000000ec180000, 0x0000000100000000)
  eden space 235520K, 3% used [0x00000000d5580000,0x00000000d5de7200,0x00000000e3b80000)
  from space 29696K, 0% used [0x00000000e6a00000,0x00000000e6a00000,0x00000000e8700000)
  to   space 47616K, 0% used [0x00000000e3b80000,0x00000000e3b80000,0x00000000e6a00000)
 ParOldGen       total 95232K, used 95155K [0x0000000080000000, 0x0000000085d00000, 0x00000000d5580000)
  object space 95232K, 99% used [0x0000000080000000,0x0000000085cecf10,0x0000000085d00000)
 Metaspace       used 92914K, capacity 97626K, committed 98712K, reserved 1134592K
  class space    used 12395K, capacity 13274K, committed 13480K, reserved 1048576K
}

