# JRE version: OpenJDK Runtime Environment (8.0_242-b01) (build 1.8.0_242-release-1644-b01)
# Java VM: OpenJDK 64-Bit Server VM (25.242-b01 mixed mode windows-amd64 compressed oops)
Heap:
 PSYoungGen      total 213504K, used 155849K [0x00000000d5580000, 0x00000000e3980000, 0x0000000100000000)
  eden space 195072K, 71% used [0x00000000d5580000,0x00000000ddd902e8,0x00000000e1400000)
  from space 18432K, 89% used [0x00000000e1400000,0x00000000e24222c8,0x00000000e2600000)
  to   space 16896K, 0% used [0x00000000e2600000,0x00000000e2600000,0x00000000e3680000)
 ParOldGen       total 89600K, used 34995K [0x0000000080000000, 0x0000000085780000, 0x00000000d5580000)
  object space 89600K, 39% used [0x0000000080000000,0x000000008222cd60,0x0000000085780000)
 Metaspace       used 68874K, capacity 72460K, committed 72600K, reserved 1112064K
  class space    used 9341K, capacity 10057K, committed 10160K, reserved 1048576K
GC Heap History (10 events):
Event: 10.016 GC heap before
{Heap before GC invocations=12 (full 2):
 PSYoungGen      total 169472K, used 9734K [0x00000000d5580000, 0x00000000e0900000, 0x0000000100000000)
  eden space 157696K, 0% used [0x00000000d5580000,0x00000000d5580000,0x00000000def80000)
  from space 11776K, 82% used [0x00000000dfc00000,0x00000000e0581a90,0x00000000e0780000)
  to   space 12800K, 0% used [0x00000000def80000,0x00000000def80000,0x00000000dfc00000)
 ParOldGen       total 34304K, used 13688K [0x0000000080000000, 0x0000000082180000, 0x00000000d5580000)
  object space 34304K, 39% used [0x0000000080000000,0x0000000080d5e2d8,0x0000000082180000)
 Metaspace       used 34534K, capacity 35426K, committed 35496K, reserved 1079296K
  class space    used 4734K, capacity 5002K, committed 5040K, reserved 1048576K
Event: 10.131 GC heap after
Heap after GC invocations=12 (full 2):
 PSYoungGen      total 169472K, used 0K [0x00000000d5580000, 0x00000000e0900000, 0x0000000100000000)
  eden space 157696K, 0% used [0x00000000d5580000,0x00000000d5580000,0x00000000def80000)
  from space 11776K, 0% used [0x00000000dfc00000,0x00000000dfc00000,0x00000000e0780000)
  to   space 12800K, 0% used [0x00000000def80000,0x00000000def80000,0x00000000dfc00000)
 ParOldGen       total 53760K, used 16298K [0x0000000080000000, 0x0000000083480000, 0x00000000d5580000)
  object space 53760K, 30% used [0x0000000080000000,0x0000000080fea880,0x0000000083480000)
 Metaspace       used 34534K, capacity 35426K, committed 35496K, reserved 1079296K
  class space    used 4734K, capacity 5002K, committed 5040K, reserved 1048576K
}
Event: 14.053 GC heap before
{Heap before GC invocations=13 (full 2):
 PSYoungGen      total 169472K, used 157696K [0x00000000d5580000, 0x00000000e0900000, 0x0000000100000000)
  eden space 157696K, 100% used [0x00000000d5580000,0x00000000def80000,0x00000000def80000)
  from space 11776K, 0% used [0x00000000dfc00000,0x00000000dfc00000,0x00000000e0780000)
  to   space 12800K, 0% used [0x00000000def80000,0x00000000def80000,0x00000000dfc00000)
 ParOldGen       total 53760K, used 16298K [0x0000000080000000, 0x0000000083480000, 0x00000000d5580000)
  object space 53760K, 30% used [0x0000000080000000,0x0000000080fea880,0x0000000083480000)
 Metaspace       used 47352K, capacity 48990K, committed 49328K, reserved 1091584K
  class space    used 6366K, capacity 6729K, committed 6832K, reserved 1048576K
Event: 14.086 GC heap after
Heap after GC invocations=13 (full 2):
 PSYoungGen      total 170496K, used 12793K [0x00000000d5580000, 0x00000000e3680000, 0x0000000100000000)
  eden space 157696K, 0% used [0x00000000d5580000,0x00000000d5580000,0x00000000def80000)
  from space 12800K, 99% used [0x00000000def80000,0x00000000dfbfe510,0x00000000dfc00000)
  to   space 16896K, 0% used [0x00000000e2600000,0x00000000e2600000,0x00000000e3680000)
 ParOldGen       total 53760K, used 21816K [0x0000000080000000, 0x0000000083480000, 0x00000000d5580000)
  object space 53760K, 40% used [0x0000000080000000,0x000000008154e0d0,0x0000000083480000)
 Metaspace       used 47352K, capacity 48990K, committed 49328K, reserved 1091584K
  class space    used 6366K, capacity 6729K, committed 6832K, reserved 1048576K
}
Event: 17.084 GC heap before
{Heap before GC invocations=14 (full 2):
 PSYoungGen      total 170496K, used 124891K [0x00000000d5580000, 0x00000000e3680000, 0x0000000100000000)
  eden space 157696K, 71% used [0x00000000d5580000,0x00000000dc2f8ae8,0x00000000def80000)
  from space 12800K, 99% used [0x00000000def80000,0x00000000dfbfe510,0x00000000dfc00000)
  to   space 16896K, 0% used [0x00000000e2600000,0x00000000e2600000,0x00000000e3680000)
 ParOldGen       total 53760K, used 21816K [0x0000000080000000, 0x0000000083480000, 0x00000000d5580000)
  object space 53760K, 40% used [0x0000000080000000,0x000000008154e0d0,0x0000000083480000)
 Metaspace       used 57018K, capacity 59070K, committed 59160K, reserved 1099776K
  class space    used 7713K, capacity 8174K, committed 8240K, reserved 1048576K
Event: 17.126 GC heap after
Heap after GC invocations=14 (full 2):
 PSYoungGen      total 211968K, used 13840K [0x00000000d5580000, 0x00000000e3980000, 0x0000000100000000)
  eden space 195072K, 0% used [0x00000000d5580000,0x00000000d5580000,0x00000000e1400000)
  from space 16896K, 81% used [0x00000000e2600000,0x00000000e3384388,0x00000000e3680000)
  to   space 18432K, 0% used [0x00000000e1400000,0x00000000e1400000,0x00000000e2600000)
 ParOldGen       total 53760K, used 30700K [0x0000000080000000, 0x0000000083480000, 0x00000000d5580000)
  object space 53760K, 57% used [0x0000000080000000,0x0000000081dfb1d0,0x0000000083480000)
 Metaspace       used 57018K, capacity 59070K, committed 59160K, reserved 1099776K
  class space    used 7713K, capacity 8174K, committed 8240K, reserved 1048576K
}
Event: 17.126 GC heap before
{Heap before GC invocations=15 (full 3):
 PSYoungGen      total 211968K, used 13840K [0x00000000d5580000, 0x00000000e3980000, 0x0000000100000000)
  eden space 195072K, 0% used [0x00000000d5580000,0x00000000d5580000,0x00000000e1400000)
  from space 16896K, 81% used [0x00000000e2600000,0x00000000e3384388,0x00000000e3680000)
  to   space 18432K, 0% used [0x00000000e1400000,0x00000000e1400000,0x00000000e2600000)
 ParOldGen       total 53760K, used 30700K [0x0000000080000000, 0x0000000083480000, 0x00000000d5580000)
  object space 53760K, 57% used [0x0000000080000000,0x0000000081dfb1d0,0x0000000083480000)
 Metaspace       used 57018K, capacity 59070K, committed 59160K, reserved 1099776K
  class space    used 7713K, capacity 8174K, committed 8240K, reserved 1048576K
Event: 17.487 GC heap after
Heap after GC invocations=15 (full 3):
 PSYoungGen      total 211968K, used 0K [0x00000000d5580000, 0x00000000e3980000, 0x0000000100000000)
  eden space 195072K, 0% used [0x00000000d5580000,0x00000000d5580000,0x00000000e1400000)
  from space 16896K, 0% used [0x00000000e2600000,0x00000000e2600000,0x00000000e3680000)
  to   space 18432K, 0% used [0x00000000e1400000,0x00000000e1400000,0x00000000e2600000)
 ParOldGen       total 89600K, used 34987K [0x0000000080000000, 0x0000000085780000, 0x00000000d5580000)
  object space 89600K, 39% used [0x0000000080000000,0x000000008222ad60,0x0000000085780000)
 Metaspace       used 56990K, capacity 58974K, committed 59160K, reserved 1099776K
  class space    used 7704K, capacity 8158K, committed 8240K, reserved 1048576K
}
Event: 21.668 GC heap before
{Heap before GC invocations=16 (full 3):
 PSYoungGen      total 211968K, used 195072K [0x00000000d5580000, 0x00000000e3980000, 0x0000000100000000)
  eden space 195072K, 100% used [0x00000000d5580000,0x00000000e1400000,0x00000000e1400000)
  from space 16896K, 0% used [0x00000000e2600000,0x00000000e2600000,0x00000000e3680000)
  to   space 18432K, 0% used [0x00000000e1400000,0x00000000e1400000,0x00000000e2600000)
 ParOldGen       total 89600K, used 34987K [0x0000000080000000, 0x0000000085780000, 0x00000000d5580000)
  object space 89600K, 39% used [0x0000000080000000,0x000000008222ad60,0x0000000085780000)
 Metaspace       used 64757K, capacity 68178K, committed 68504K, reserved 1107968K
  class space    used 8929K, capacity 9572K, committed 9648K, reserved 1048576K
Event: 21.706 GC heap after
Heap after GC invocations=16 (full 3):
 PSYoungGen      total 213504K, used 16520K [0x00000000d5580000, 0x00000000e3980000, 0x0000000100000000)
  eden space 195072K, 0% used [0x00000000d5580000,0x00000000d5580000,0x00000000e1400000)
  from space 18432K, 89% used [0x00000000e1400000,0x00000000e24222c8,0x00000000e2600000)
  to   space 16896K, 0% used [0x00000000e2600000,0x00000000e2600000,0x00000000e3680000)
 ParOldGen       total 89600K, used 34995K [0x0000000080000000, 0x0000000085780000, 0x00000000d5580000)
  object space 89600K, 39% used [0x0000000080000000,0x000000008222cd60,0x0000000085780000)
 Metaspace       used 64757K, capacity 68178K, committed 68504K, reserved 1107968K
  class space    used 8929K, capacity 9572K, committed 9648K, reserved 1048576K
}

