# JRE version: OpenJDK Runtime Environment (8.0_242-b01) (build 1.8.0_242-release-1644-b01)
# Java VM: OpenJDK 64-Bit Server VM (25.242-b01 mixed mode windows-amd64 compressed oops)
Heap:
 PSYoungGen      total 429568K, used 415704K [0x00000000d5580000, 0x00000000f3280000, 0x0000000100000000)
  eden space 379904K, 100% used [0x00000000d5580000,0x00000000ec880000,0x00000000ec880000)
  from space 49664K, 72% used [0x00000000ec880000,0x00000000eeb763b8,0x00000000ef900000)
  to   space 45568K, 13% used [0x00000000ef900000,0x00000000eff34fd0,0x00000000f2580000)
 ParOldGen       total 137728K, used 79842K [0x0000000080000000, 0x0000000088680000, 0x00000000d5580000)
  object space 137728K, 57% used [0x0000000080000000,0x0000000084df8930,0x0000000088680000)
 Metaspace       used 106724K, capacity 112816K, committed 113048K, reserved 1146880K
  class space    used 14131K, capacity 15258K, committed 15280K, reserved 1048576K
GC Heap History (10 events):
Event: 73.688 GC heap after
Heap after GC invocations=21 (full 4):
 PSYoungGen      total 330240K, used 0K [0x00000000d5580000, 0x00000000eda80000, 0x0000000100000000)
  eden space 298496K, 0% used [0x00000000d5580000,0x00000000d5580000,0x00000000e7900000)
  from space 31744K, 0% used [0x00000000e7900000,0x00000000e7900000,0x00000000e9800000)
  to   space 31232K, 0% used [0x00000000ebc00000,0x00000000ebc00000,0x00000000eda80000)
 ParOldGen       total 137728K, used 58673K [0x0000000080000000, 0x0000000088680000, 0x00000000d5580000)
  object space 137728K, 42% used [0x0000000080000000,0x000000008394c448,0x0000000088680000)
 Metaspace       used 92673K, capacity 96838K, committed 98600K, reserved 1134592K
  class space    used 12249K, capacity 13081K, committed 13488K, reserved 1048576K
}
Event: 80.292 GC heap before
{Heap before GC invocations=22 (full 4):
 PSYoungGen      total 330240K, used 298496K [0x00000000d5580000, 0x00000000eda80000, 0x0000000100000000)
  eden space 298496K, 100% used [0x00000000d5580000,0x00000000e7900000,0x00000000e7900000)
  from space 31744K, 0% used [0x00000000e7900000,0x00000000e7900000,0x00000000e9800000)
  to   space 31232K, 0% used [0x00000000ebc00000,0x00000000ebc00000,0x00000000eda80000)
 ParOldGen       total 137728K, used 58673K [0x0000000080000000, 0x0000000088680000, 0x00000000d5580000)
  object space 137728K, 42% used [0x0000000080000000,0x000000008394c448,0x0000000088680000)
 Metaspace       used 104207K, capacity 110072K, committed 110232K, reserved 1144832K
  class space    used 13908K, capacity 15018K, committed 15024K, reserved 1048576K
Event: 80.350 GC heap after
Heap after GC invocations=22 (full 4):
 PSYoungGen      total 364032K, used 20382K [0x00000000d5580000, 0x00000000eda00000, 0x0000000100000000)
  eden space 333312K, 0% used [0x00000000d5580000,0x00000000d5580000,0x00000000e9b00000)
  from space 30720K, 66% used [0x00000000ebc00000,0x00000000ecfe7908,0x00000000eda00000)
  to   space 32256K, 0% used [0x00000000e9b00000,0x00000000e9b00000,0x00000000eba80000)
 ParOldGen       total 137728K, used 58681K [0x0000000080000000, 0x0000000088680000, 0x00000000d5580000)
  object space 137728K, 42% used [0x0000000080000000,0x000000008394e448,0x0000000088680000)
 Metaspace       used 104207K, capacity 110072K, committed 110232K, reserved 1144832K
  class space    used 13908K, capacity 15018K, committed 15024K, reserved 1048576K
}
Event: 82.799 GC heap before
{Heap before GC invocations=23 (full 4):
 PSYoungGen      total 364032K, used 353694K [0x00000000d5580000, 0x00000000eda00000, 0x0000000100000000)
  eden space 333312K, 100% used [0x00000000d5580000,0x00000000e9b00000,0x00000000e9b00000)
  from space 30720K, 66% used [0x00000000ebc00000,0x00000000ecfe7908,0x00000000eda00000)
  to   space 32256K, 0% used [0x00000000e9b00000,0x00000000e9b00000,0x00000000eba80000)
 ParOldGen       total 137728K, used 58681K [0x0000000080000000, 0x0000000088680000, 0x00000000d5580000)
  object space 137728K, 42% used [0x0000000080000000,0x000000008394e448,0x0000000088680000)
 Metaspace       used 105647K, capacity 111598K, committed 111768K, reserved 1146880K
  class space    used 14107K, capacity 15241K, committed 15280K, reserved 1048576K
Event: 82.891 GC heap after
Heap after GC invocations=23 (full 4):
 PSYoungGen      total 365568K, used 32249K [0x00000000d5580000, 0x00000000f2580000, 0x0000000100000000)
  eden space 333312K, 0% used [0x00000000d5580000,0x00000000d5580000,0x00000000e9b00000)
  from space 32256K, 99% used [0x00000000e9b00000,0x00000000eba7e7b0,0x00000000eba80000)
  to   space 45568K, 0% used [0x00000000ef900000,0x00000000ef900000,0x00000000f2580000)
 ParOldGen       total 137728K, used 79826K [0x0000000080000000, 0x0000000088680000, 0x00000000d5580000)
  object space 137728K, 57% used [0x0000000080000000,0x0000000084df4930,0x0000000088680000)
 Metaspace       used 105647K, capacity 111598K, committed 111768K, reserved 1146880K
  class space    used 14107K, capacity 15241K, committed 15280K, reserved 1048576K
}
Event: 84.735 GC heap before
{Heap before GC invocations=24 (full 4):
 PSYoungGen      total 365568K, used 365561K [0x00000000d5580000, 0x00000000f2580000, 0x0000000100000000)
  eden space 333312K, 100% used [0x00000000d5580000,0x00000000e9b00000,0x00000000e9b00000)
  from space 32256K, 99% used [0x00000000e9b00000,0x00000000eba7e7b0,0x00000000eba80000)
  to   space 45568K, 0% used [0x00000000ef900000,0x00000000ef900000,0x00000000f2580000)
 ParOldGen       total 137728K, used 79826K [0x0000000080000000, 0x0000000088680000, 0x00000000d5580000)
  object space 137728K, 57% used [0x0000000080000000,0x0000000084df4930,0x0000000088680000)
 Metaspace       used 106193K, capacity 112242K, committed 112280K, reserved 1146880K
  class space    used 14124K, capacity 15251K, committed 15280K, reserved 1048576K
Event: 84.794 GC heap after
Heap after GC invocations=24 (full 4):
 PSYoungGen      total 425472K, used 35968K [0x00000000d5580000, 0x00000000f3280000, 0x0000000100000000)
  eden space 379904K, 0% used [0x00000000d5580000,0x00000000d5580000,0x00000000ec880000)
  from space 45568K, 78% used [0x00000000ef900000,0x00000000f1c203e0,0x00000000f2580000)
  to   space 49664K, 0% used [0x00000000ec880000,0x00000000ec880000,0x00000000ef900000)
 ParOldGen       total 137728K, used 79834K [0x0000000080000000, 0x0000000088680000, 0x00000000d5580000)
  object space 137728K, 57% used [0x0000000080000000,0x0000000084df6930,0x0000000088680000)
 Metaspace       used 106193K, capacity 112242K, committed 112280K, reserved 1146880K
  class space    used 14124K, capacity 15251K, committed 15280K, reserved 1048576K
}
Event: 86.442 GC heap before
{Heap before GC invocations=25 (full 4):
 PSYoungGen      total 425472K, used 415872K [0x00000000d5580000, 0x00000000f3280000, 0x0000000100000000)
  eden space 379904K, 100% used [0x00000000d5580000,0x00000000ec880000,0x00000000ec880000)
  from space 45568K, 78% used [0x00000000ef900000,0x00000000f1c203e0,0x00000000f2580000)
  to   space 49664K, 0% used [0x00000000ec880000,0x00000000ec880000,0x00000000ef900000)
 ParOldGen       total 137728K, used 79834K [0x0000000080000000, 0x0000000088680000, 0x00000000d5580000)
  object space 137728K, 57% used [0x0000000080000000,0x0000000084df6930,0x0000000088680000)
 Metaspace       used 106537K, capacity 112554K, committed 112792K, reserved 1146880K
  class space    used 14124K, capacity 15251K, committed 15280K, reserved 1048576K
Event: 86.498 GC heap after
Heap after GC invocations=25 (full 4):
 PSYoungGen      total 429568K, used 35800K [0x00000000d5580000, 0x00000000f3280000, 0x0000000100000000)
  eden space 379904K, 0% used [0x00000000d5580000,0x00000000d5580000,0x00000000ec880000)
  from space 49664K, 72% used [0x00000000ec880000,0x00000000eeb763b8,0x00000000ef900000)
  to   space 45568K, 0% used [0x00000000ef900000,0x00000000ef900000,0x00000000f2580000)
 ParOldGen       total 137728K, used 79842K [0x0000000080000000, 0x0000000088680000, 0x00000000d5580000)
  object space 137728K, 57% used [0x0000000080000000,0x0000000084df8930,0x0000000088680000)
 Metaspace       used 106537K, capacity 112554K, committed 112792K, reserved 1146880K
  class space    used 14124K, capacity 15251K, committed 15280K, reserved 1048576K
}
Event: 88.137 GC heap before
{Heap before GC invocations=26 (full 4):
 PSYoungGen      total 429568K, used 415704K [0x00000000d5580000, 0x00000000f3280000, 0x0000000100000000)
  eden space 379904K, 100% used [0x00000000d5580000,0x00000000ec880000,0x00000000ec880000)
  from space 49664K, 72% used [0x00000000ec880000,0x00000000eeb763b8,0x00000000ef900000)
  to   space 45568K, 0% used [0x00000000ef900000,0x00000000ef900000,0x00000000f2580000)
 ParOldGen       total 137728K, used 79842K [0x0000000080000000, 0x0000000088680000, 0x00000000d5580000)
  object space 137728K, 57% used [0x0000000080000000,0x0000000084df8930,0x0000000088680000)
 Metaspace       used 106724K, capacity 112816K, committed 113048K, reserved 1146880K
  class space    used 14131K, capacity 15258K, committed 15280K, reserved 1048576K

