# JRE version: OpenJDK Runtime Environment (8.0_242-b01) (build 1.8.0_242-release-1644-b01)
# Java VM: OpenJDK 64-Bit Server VM (25.242-b01 mixed mode windows-amd64 compressed oops)
Heap:
 PSYoungGen      total 325120K, used 220655K [0x00000000d5580000, 0x00000000eca00000, 0x0000000100000000)
  eden space 294912K, 74% used [0x00000000d5580000,0x00000000e2cfbc98,0x00000000e7580000)
  from space 30208K, 0% used [0x00000000e9c00000,0x00000000e9c00000,0x00000000eb980000)
  to   space 39424K, 0% used [0x00000000e7580000,0x00000000e7580000,0x00000000e9c00000)
 ParOldGen       total 164352K, used 81907K [0x0000000080000000, 0x000000008a080000, 0x00000000d5580000)
  object space 164352K, 49% used [0x0000000080000000,0x0000000084ffce10,0x000000008a080000)
 Metaspace       used 91306K, capacity 96310K, committed 97880K, reserved 1134592K
  class space    used 12176K, capacity 13099K, committed 13440K, reserved 1048576K
GC Heap History (10 events):
Event: 23.309 GC heap before
{Heap before GC invocations=14 (full 3):
 PSYoungGen      total 248320K, used 230400K [0x00000000d5580000, 0x00000000e6300000, 0x0000000100000000)
  eden space 230400K, 100% used [0x00000000d5580000,0x00000000e3680000,0x00000000e3680000)
  from space 17920K, 0% used [0x00000000e4c00000,0x00000000e4c00000,0x00000000e5d80000)
  to   space 22016K, 0% used [0x00000000e3680000,0x00000000e3680000,0x00000000e4c00000)
 ParOldGen       total 89088K, used 36192K [0x0000000080000000, 0x0000000085700000, 0x00000000d5580000)
  object space 89088K, 40% used [0x0000000080000000,0x0000000082358330,0x0000000085700000)
 Metaspace       used 68109K, capacity 71568K, committed 71768K, reserved 1112064K
  class space    used 9455K, capacity 10079K, committed 10112K, reserved 1048576K
Event: 23.337 GC heap after
Heap after GC invocations=14 (full 3):
 PSYoungGen      total 252416K, used 18577K [0x00000000d5580000, 0x00000000e9000000, 0x0000000100000000)
  eden space 230400K, 0% used [0x00000000d5580000,0x00000000d5580000,0x00000000e3680000)
  from space 22016K, 84% used [0x00000000e3680000,0x00000000e48a4608,0x00000000e4c00000)
  to   space 24576K, 0% used [0x00000000e7800000,0x00000000e7800000,0x00000000e9000000)
 ParOldGen       total 89088K, used 36200K [0x0000000080000000, 0x0000000085700000, 0x00000000d5580000)
  object space 89088K, 40% used [0x0000000080000000,0x000000008235a330,0x0000000085700000)
 Metaspace       used 68109K, capacity 71568K, committed 71768K, reserved 1112064K
  class space    used 9455K, capacity 10079K, committed 10112K, reserved 1048576K
}
Event: 73.626 GC heap before
{Heap before GC invocations=15 (full 3):
 PSYoungGen      total 252416K, used 248977K [0x00000000d5580000, 0x00000000e9000000, 0x0000000100000000)
  eden space 230400K, 100% used [0x00000000d5580000,0x00000000e3680000,0x00000000e3680000)
  from space 22016K, 84% used [0x00000000e3680000,0x00000000e48a4608,0x00000000e4c00000)
  to   space 24576K, 0% used [0x00000000e7800000,0x00000000e7800000,0x00000000e9000000)
 ParOldGen       total 89088K, used 36200K [0x0000000080000000, 0x0000000085700000, 0x00000000d5580000)
  object space 89088K, 40% used [0x0000000080000000,0x000000008235a330,0x0000000085700000)
 Metaspace       used 80302K, capacity 84566K, committed 84824K, reserved 1122304K
  class space    used 10774K, capacity 11545K, committed 11648K, reserved 1048576K
Event: 73.899 GC heap after
Heap after GC invocations=15 (full 3):
 PSYoungGen      total 290816K, used 24568K [0x00000000d5580000, 0x00000000e9880000, 0x0000000100000000)
  eden space 266240K, 0% used [0x00000000d5580000,0x00000000d5580000,0x00000000e5980000)
  from space 24576K, 99% used [0x00000000e7800000,0x00000000e8ffe1e0,0x00000000e9000000)
  to   space 31232K, 0% used [0x00000000e5980000,0x00000000e5980000,0x00000000e7800000)
 ParOldGen       total 89088K, used 44525K [0x0000000080000000, 0x0000000085700000, 0x00000000d5580000)
  object space 89088K, 49% used [0x0000000080000000,0x0000000082b7b630,0x0000000085700000)
 Metaspace       used 80302K, capacity 84566K, committed 84824K, reserved 1122304K
  class space    used 10774K, capacity 11545K, committed 11648K, reserved 1048576K
}
Event: 115.197 GC heap before
{Heap before GC invocations=16 (full 3):
 PSYoungGen      total 290816K, used 290808K [0x00000000d5580000, 0x00000000e9880000, 0x0000000100000000)
  eden space 266240K, 100% used [0x00000000d5580000,0x00000000e5980000,0x00000000e5980000)
  from space 24576K, 99% used [0x00000000e7800000,0x00000000e8ffe1e0,0x00000000e9000000)
  to   space 31232K, 0% used [0x00000000e5980000,0x00000000e5980000,0x00000000e7800000)
 ParOldGen       total 89088K, used 44525K [0x0000000080000000, 0x0000000085700000, 0x00000000d5580000)
  object space 89088K, 49% used [0x0000000080000000,0x0000000082b7b630,0x0000000085700000)
 Metaspace       used 81795K, capacity 86298K, committed 86488K, reserved 1124352K
  class space    used 10851K, capacity 11663K, committed 11776K, reserved 1048576K
Event: 115.313 GC heap after
Heap after GC invocations=16 (full 3):
 PSYoungGen      total 297472K, used 7268K [0x00000000d5580000, 0x00000000eb980000, 0x0000000100000000)
  eden space 266240K, 0% used [0x00000000d5580000,0x00000000d5580000,0x00000000e5980000)
  from space 31232K, 23% used [0x00000000e5980000,0x00000000e6099058,0x00000000e7800000)
  to   space 30208K, 0% used [0x00000000e9c00000,0x00000000e9c00000,0x00000000eb980000)
 ParOldGen       total 89088K, used 64879K [0x0000000080000000, 0x0000000085700000, 0x00000000d5580000)
  object space 89088K, 72% used [0x0000000080000000,0x0000000083f5bfa8,0x0000000085700000)
 Metaspace       used 81795K, capacity 86298K, committed 86488K, reserved 1124352K
  class space    used 10851K, capacity 11663K, committed 11776K, reserved 1048576K
}
Event: 125.676 GC heap before
{Heap before GC invocations=17 (full 3):
 PSYoungGen      total 297472K, used 273508K [0x00000000d5580000, 0x00000000eb980000, 0x0000000100000000)
  eden space 266240K, 100% used [0x00000000d5580000,0x00000000e5980000,0x00000000e5980000)
  from space 31232K, 23% used [0x00000000e5980000,0x00000000e6099058,0x00000000e7800000)
  to   space 30208K, 0% used [0x00000000e9c00000,0x00000000e9c00000,0x00000000eb980000)
 ParOldGen       total 89088K, used 64879K [0x0000000080000000, 0x0000000085700000, 0x00000000d5580000)
  object space 89088K, 72% used [0x0000000080000000,0x0000000083f5bfa8,0x0000000085700000)
 Metaspace       used 87185K, capacity 93054K, committed 93144K, reserved 1130496K
  class space    used 11696K, capacity 12743K, committed 12800K, reserved 1048576K
Event: 125.752 GC heap after
Heap after GC invocations=17 (full 3):
 PSYoungGen      total 325120K, used 30183K [0x00000000d5580000, 0x00000000eca00000, 0x0000000100000000)
  eden space 294912K, 0% used [0x00000000d5580000,0x00000000d5580000,0x00000000e7580000)
  from space 30208K, 99% used [0x00000000e9c00000,0x00000000eb979f40,0x00000000eb980000)
  to   space 39424K, 0% used [0x00000000e7580000,0x00000000e7580000,0x00000000e9c00000)
 ParOldGen       total 89088K, used 75378K [0x0000000080000000, 0x0000000085700000, 0x00000000d5580000)
  object space 89088K, 84% used [0x0000000080000000,0x000000008499c9f8,0x0000000085700000)
 Metaspace       used 87185K, capacity 93054K, committed 93144K, reserved 1130496K
  class space    used 11696K, capacity 12743K, committed 12800K, reserved 1048576K
}
Event: 125.752 GC heap before
{Heap before GC invocations=18 (full 4):
 PSYoungGen      total 325120K, used 30183K [0x00000000d5580000, 0x00000000eca00000, 0x0000000100000000)
  eden space 294912K, 0% used [0x00000000d5580000,0x00000000d5580000,0x00000000e7580000)
  from space 30208K, 99% used [0x00000000e9c00000,0x00000000eb979f40,0x00000000eb980000)
  to   space 39424K, 0% used [0x00000000e7580000,0x00000000e7580000,0x00000000e9c00000)
 ParOldGen       total 89088K, used 75378K [0x0000000080000000, 0x0000000085700000, 0x00000000d5580000)
  object space 89088K, 84% used [0x0000000080000000,0x000000008499c9f8,0x0000000085700000)
 Metaspace       used 87185K, capacity 93054K, committed 93144K, reserved 1130496K
  class space    used 11696K, capacity 12743K, committed 12800K, reserved 1048576K
Event: 126.334 GC heap after
Heap after GC invocations=18 (full 4):
 PSYoungGen      total 325120K, used 0K [0x00000000d5580000, 0x00000000eca00000, 0x0000000100000000)
  eden space 294912K, 0% used [0x00000000d5580000,0x00000000d5580000,0x00000000e7580000)
  from space 30208K, 0% used [0x00000000e9c00000,0x00000000e9c00000,0x00000000eb980000)
  to   space 39424K, 0% used [0x00000000e7580000,0x00000000e7580000,0x00000000e9c00000)
 ParOldGen       total 164352K, used 81907K [0x0000000080000000, 0x000000008a080000, 0x00000000d5580000)
  object space 164352K, 49% used [0x0000000080000000,0x0000000084ffce10,0x000000008a080000)
 Metaspace       used 86462K, capacity 90972K, committed 93144K, reserved 1130496K
  class space    used 11452K, capacity 12312K, committed 12800K, reserved 1048576K
}

