# JRE version: OpenJDK Runtime Environment (8.0_242-b01) (build 1.8.0_242-release-1644-b01)
# Java VM: OpenJDK 64-Bit Server VM (25.242-b01 mixed mode windows-amd64 compressed oops)
Heap:
 PSYoungGen      total 296448K, used 154800K [0x00000000d5580000, 0x00000000ed580000, 0x0000000100000000)
  eden space 268800K, 57% used [0x00000000d5580000,0x00000000decac170,0x00000000e5c00000)
  from space 27648K, 0% used [0x00000000e8700000,0x00000000e8700000,0x00000000ea200000)
  to   space 44032K, 0% used [0x00000000e5c00000,0x00000000e5c00000,0x00000000e8700000)
 ParOldGen       total 95232K, used 95141K [0x0000000080000000, 0x0000000085d00000, 0x00000000d5580000)
  object space 95232K, 99% used [0x0000000080000000,0x0000000085ce94a8,0x0000000085d00000)
 Metaspace       used 92994K, capacity 97884K, committed 98968K, reserved 1134592K
  class space    used 12326K, capacity 13222K, committed 13464K, reserved 1048576K
GC Heap History (10 events):
Event: 99.519 GC heap before
{Heap before GC invocations=23 (full 7):
 PSYoungGen      total 296448K, used 268800K [0x00000000d5580000, 0x00000000ed580000, 0x0000000100000000)
  eden space 268800K, 100% used [0x00000000d5580000,0x00000000e5c00000,0x00000000e5c00000)
  from space 27648K, 0% used [0x00000000e8700000,0x00000000e8700000,0x00000000ea200000)
  to   space 44032K, 0% used [0x00000000e5c00000,0x00000000e5c00000,0x00000000e8700000)
 ParOldGen       total 95232K, used 94854K [0x0000000080000000, 0x0000000085d00000, 0x00000000d5580000)
  object space 95232K, 99% used [0x0000000080000000,0x0000000085ca1928,0x0000000085d00000)
 Metaspace       used 92319K, capacity 97034K, committed 98072K, reserved 1134592K
  class space    used 12258K, capacity 13103K, committed 13336K, reserved 1048576K
Event: 100.153 GC heap after
Heap after GC invocations=23 (full 7):
 PSYoungGen      total 296448K, used 8062K [0x00000000d5580000, 0x00000000ed580000, 0x0000000100000000)
  eden space 268800K, 2% used [0x00000000d5580000,0x00000000d5d5f930,0x00000000e5c00000)
  from space 27648K, 0% used [0x00000000e8700000,0x00000000e8700000,0x00000000ea200000)
  to   space 44032K, 0% used [0x00000000e5c00000,0x00000000e5c00000,0x00000000e8700000)
 ParOldGen       total 95232K, used 94906K [0x0000000080000000, 0x0000000085d00000, 0x00000000d5580000)
  object space 95232K, 99% used [0x0000000080000000,0x0000000085caea28,0x0000000085d00000)
 Metaspace       used 92319K, capacity 97034K, committed 98072K, reserved 1134592K
  class space    used 12258K, capacity 13103K, committed 13336K, reserved 1048576K
}
Event: 101.312 GC heap before
{Heap before GC invocations=24 (full 8):
 PSYoungGen      total 296448K, used 268800K [0x00000000d5580000, 0x00000000ed580000, 0x0000000100000000)
  eden space 268800K, 100% used [0x00000000d5580000,0x00000000e5c00000,0x00000000e5c00000)
  from space 27648K, 0% used [0x00000000e8700000,0x00000000e8700000,0x00000000ea200000)
  to   space 44032K, 0% used [0x00000000e5c00000,0x00000000e5c00000,0x00000000e8700000)
 ParOldGen       total 95232K, used 94906K [0x0000000080000000, 0x0000000085d00000, 0x00000000d5580000)
  object space 95232K, 99% used [0x0000000080000000,0x0000000085caea28,0x0000000085d00000)
 Metaspace       used 92412K, capacity 97136K, committed 98328K, reserved 1134592K
  class space    used 12261K, capacity 13108K, committed 13336K, reserved 1048576K
Event: 101.822 GC heap after
Heap after GC invocations=24 (full 8):
 PSYoungGen      total 296448K, used 6461K [0x00000000d5580000, 0x00000000ed580000, 0x0000000100000000)
  eden space 268800K, 2% used [0x00000000d5580000,0x00000000d5bcf480,0x00000000e5c00000)
  from space 27648K, 0% used [0x00000000e8700000,0x00000000e8700000,0x00000000ea200000)
  to   space 44032K, 0% used [0x00000000e5c00000,0x00000000e5c00000,0x00000000e8700000)
 ParOldGen       total 95232K, used 95059K [0x0000000080000000, 0x0000000085d00000, 0x00000000d5580000)
  object space 95232K, 99% used [0x0000000080000000,0x0000000085cd4d60,0x0000000085d00000)
 Metaspace       used 92412K, capacity 97136K, committed 98328K, reserved 1134592K
  class space    used 12261K, capacity 13108K, committed 13336K, reserved 1048576K
}
Event: 102.983 GC heap before
{Heap before GC invocations=25 (full 9):
 PSYoungGen      total 296448K, used 268800K [0x00000000d5580000, 0x00000000ed580000, 0x0000000100000000)
  eden space 268800K, 100% used [0x00000000d5580000,0x00000000e5c00000,0x00000000e5c00000)
  from space 27648K, 0% used [0x00000000e8700000,0x00000000e8700000,0x00000000ea200000)
  to   space 44032K, 0% used [0x00000000e5c00000,0x00000000e5c00000,0x00000000e8700000)
 ParOldGen       total 95232K, used 95059K [0x0000000080000000, 0x0000000085d00000, 0x00000000d5580000)
  object space 95232K, 99% used [0x0000000080000000,0x0000000085cd4d60,0x0000000085d00000)
 Metaspace       used 92541K, capacity 97302K, committed 98328K, reserved 1134592K
  class space    used 12263K, capacity 13111K, committed 13336K, reserved 1048576K
Event: 103.542 GC heap after
Heap after GC invocations=25 (full 9):
 PSYoungGen      total 296448K, used 6801K [0x00000000d5580000, 0x00000000ed580000, 0x0000000100000000)
  eden space 268800K, 2% used [0x00000000d5580000,0x00000000d5c246c8,0x00000000e5c00000)
  from space 27648K, 0% used [0x00000000e8700000,0x00000000e8700000,0x00000000ea200000)
  to   space 44032K, 0% used [0x00000000e5c00000,0x00000000e5c00000,0x00000000e8700000)
 ParOldGen       total 95232K, used 94909K [0x0000000080000000, 0x0000000085d00000, 0x00000000d5580000)
  object space 95232K, 99% used [0x0000000080000000,0x0000000085caf710,0x0000000085d00000)
 Metaspace       used 92537K, capacity 97296K, committed 98328K, reserved 1134592K
  class space    used 12262K, capacity 13110K, committed 13336K, reserved 1048576K
}
Event: 104.797 GC heap before
{Heap before GC invocations=26 (full 10):
 PSYoungGen      total 296448K, used 268800K [0x00000000d5580000, 0x00000000ed580000, 0x0000000100000000)
  eden space 268800K, 100% used [0x00000000d5580000,0x00000000e5c00000,0x00000000e5c00000)
  from space 27648K, 0% used [0x00000000e8700000,0x00000000e8700000,0x00000000ea200000)
  to   space 44032K, 0% used [0x00000000e5c00000,0x00000000e5c00000,0x00000000e8700000)
 ParOldGen       total 95232K, used 94909K [0x0000000080000000, 0x0000000085d00000, 0x00000000d5580000)
  object space 95232K, 99% used [0x0000000080000000,0x0000000085caf710,0x0000000085d00000)
 Metaspace       used 92619K, capacity 97382K, committed 98328K, reserved 1134592K
  class space    used 12264K, capacity 13111K, committed 13336K, reserved 1048576K
Event: 105.412 GC heap after
Heap after GC invocations=26 (full 10):
 PSYoungGen      total 296448K, used 7420K [0x00000000d5580000, 0x00000000ed580000, 0x0000000100000000)
  eden space 268800K, 2% used [0x00000000d5580000,0x00000000d5cbf380,0x00000000e5c00000)
  from space 27648K, 0% used [0x00000000e8700000,0x00000000e8700000,0x00000000ea200000)
  to   space 44032K, 0% used [0x00000000e5c00000,0x00000000e5c00000,0x00000000e8700000)
 ParOldGen       total 95232K, used 94898K [0x0000000080000000, 0x0000000085d00000, 0x00000000d5580000)
  object space 95232K, 99% used [0x0000000080000000,0x0000000085cac8c8,0x0000000085d00000)
 Metaspace       used 92619K, capacity 97382K, committed 98328K, reserved 1134592K
  class space    used 12264K, capacity 13111K, committed 13336K, reserved 1048576K
}
Event: 106.646 GC heap before
{Heap before GC invocations=27 (full 11):
 PSYoungGen      total 296448K, used 268800K [0x00000000d5580000, 0x00000000ed580000, 0x0000000100000000)
  eden space 268800K, 100% used [0x00000000d5580000,0x00000000e5c00000,0x00000000e5c00000)
  from space 27648K, 0% used [0x00000000e8700000,0x00000000e8700000,0x00000000ea200000)
  to   space 44032K, 0% used [0x00000000e5c00000,0x00000000e5c00000,0x00000000e8700000)
 ParOldGen       total 95232K, used 94898K [0x0000000080000000, 0x0000000085d00000, 0x00000000d5580000)
  object space 95232K, 99% used [0x0000000080000000,0x0000000085cac8c8,0x0000000085d00000)
 Metaspace       used 92905K, capacity 97740K, committed 98712K, reserved 1134592K
  class space    used 12312K, capacity 13220K, committed 13464K, reserved 1048576K
Event: 107.327 GC heap after
Heap after GC invocations=27 (full 11):
 PSYoungGen      total 296448K, used 7166K [0x00000000d5580000, 0x00000000ed580000, 0x0000000100000000)
  eden space 268800K, 2% used [0x00000000d5580000,0x00000000d5c7f868,0x00000000e5c00000)
  from space 27648K, 0% used [0x00000000e8700000,0x00000000e8700000,0x00000000ea200000)
  to   space 44032K, 0% used [0x00000000e5c00000,0x00000000e5c00000,0x00000000e8700000)
 ParOldGen       total 95232K, used 95141K [0x0000000080000000, 0x0000000085d00000, 0x00000000d5580000)
  object space 95232K, 99% used [0x0000000080000000,0x0000000085ce94a8,0x0000000085d00000)
 Metaspace       used 92905K, capacity 97740K, committed 98712K, reserved 1134592K
  class space    used 12312K, capacity 13220K, committed 13464K, reserved 1048576K
}

