# JRE version: OpenJDK Runtime Environment (8.0_242-b01) (build 1.8.0_242-release-1644-b01)
# Java VM: OpenJDK 64-Bit Server VM (25.242-b01 mixed mode windows-amd64 compressed oops)
Heap:
 PSYoungGen      total 251392K, used 24212K [0x00000000d5580000, 0x00000000e9800000, 0x0000000100000000)
  eden space 218112K, 11% used [0x00000000d5580000,0x00000000d6d25358,0x00000000e2a80000)
  from space 33280K, 0% used [0x00000000e2a80000,0x00000000e2a80000,0x00000000e4b00000)
  to   space 34816K, 0% used [0x00000000e7600000,0x00000000e7600000,0x00000000e9800000)
 ParOldGen       total 122368K, used 54361K [0x0000000080000000, 0x0000000087780000, 0x00000000d5580000)
  object space 122368K, 44% used [0x0000000080000000,0x0000000083516788,0x0000000087780000)
 Metaspace       used 93485K, capacity 96888K, committed 99864K, reserved 1136640K
  class space    used 12050K, capacity 12718K, committed 13360K, reserved 1048576K
GC Heap History (10 events):
Event: 26.455 GC heap before
{Heap before GC invocations=17 (full 3):
 PSYoungGen      total 221696K, used 220104K [0x00000000d5580000, 0x00000000e7200000, 0x0000000100000000)
  eden space 200704K, 100% used [0x00000000d5580000,0x00000000e1980000,0x00000000e1980000)
  from space 20992K, 92% used [0x00000000e1980000,0x00000000e2c72278,0x00000000e2e00000)
  to   space 24064K, 0% used [0x00000000e5a80000,0x00000000e5a80000,0x00000000e7200000)
 ParOldGen       total 89088K, used 39175K [0x0000000080000000, 0x0000000085700000, 0x00000000d5580000)
  object space 89088K, 43% used [0x0000000080000000,0x0000000082641c60,0x0000000085700000)
 Metaspace       used 80859K, capacity 84464K, committed 84504K, reserved 1122304K
  class space    used 10876K, capacity 11533K, committed 11568K, reserved 1048576K
Event: 26.525 GC heap after
Heap after GC invocations=17 (full 3):
 PSYoungGen      total 261120K, used 24045K [0x00000000d5580000, 0x00000000e7d80000, 0x0000000100000000)
  eden space 237056K, 0% used [0x00000000d5580000,0x00000000d5580000,0x00000000e3d00000)
  from space 24064K, 99% used [0x00000000e5a80000,0x00000000e71fb608,0x00000000e7200000)
  to   space 30208K, 0% used [0x00000000e3d00000,0x00000000e3d00000,0x00000000e5a80000)
 ParOldGen       total 89088K, used 45725K [0x0000000080000000, 0x0000000085700000, 0x00000000d5580000)
  object space 89088K, 51% used [0x0000000080000000,0x0000000082ca7760,0x0000000085700000)
 Metaspace       used 80859K, capacity 84464K, committed 84504K, reserved 1122304K
  class space    used 10876K, capacity 11533K, committed 11568K, reserved 1048576K
}
Event: 4639.461 GC heap before
{Heap before GC invocations=18 (full 3):
 PSYoungGen      total 261120K, used 261101K [0x00000000d5580000, 0x00000000e7d80000, 0x0000000100000000)
  eden space 237056K, 100% used [0x00000000d5580000,0x00000000e3d00000,0x00000000e3d00000)
  from space 24064K, 99% used [0x00000000e5a80000,0x00000000e71fb608,0x00000000e7200000)
  to   space 30208K, 0% used [0x00000000e3d00000,0x00000000e3d00000,0x00000000e5a80000)
 ParOldGen       total 89088K, used 45725K [0x0000000080000000, 0x0000000085700000, 0x00000000d5580000)
  object space 89088K, 51% used [0x0000000080000000,0x0000000082ca7760,0x0000000085700000)
 Metaspace       used 90415K, capacity 95122K, committed 95256K, reserved 1132544K
  class space    used 11887K, capacity 12777K, committed 12848K, reserved 1048576K
Event: 4640.201 GC heap after
Heap after GC invocations=18 (full 3):
 PSYoungGen      total 246784K, used 19382K [0x00000000d5580000, 0x00000000e7080000, 0x0000000100000000)
  eden space 227328K, 0% used [0x00000000d5580000,0x00000000d5580000,0x00000000e3380000)
  from space 19456K, 99% used [0x00000000e3d00000,0x00000000e4fed8f0,0x00000000e5000000)
  to   space 31232K, 0% used [0x00000000e5200000,0x00000000e5200000,0x00000000e7080000)
 ParOldGen       total 89088K, used 66152K [0x0000000080000000, 0x0000000085700000, 0x00000000d5580000)
  object space 89088K, 74% used [0x0000000080000000,0x000000008409a3c0,0x0000000085700000)
 Metaspace       used 90415K, capacity 95122K, committed 95256K, reserved 1132544K
  class space    used 11887K, capacity 12777K, committed 12848K, reserved 1048576K
}
Event: 4784.277 GC heap before
{Heap before GC invocations=19 (full 3):
 PSYoungGen      total 246784K, used 246710K [0x00000000d5580000, 0x00000000e7080000, 0x0000000100000000)
  eden space 227328K, 100% used [0x00000000d5580000,0x00000000e3380000,0x00000000e3380000)
  from space 19456K, 99% used [0x00000000e3d00000,0x00000000e4fed8f0,0x00000000e5000000)
  to   space 31232K, 0% used [0x00000000e5200000,0x00000000e5200000,0x00000000e7080000)
 ParOldGen       total 89088K, used 66152K [0x0000000080000000, 0x0000000085700000, 0x00000000d5580000)
  object space 89088K, 74% used [0x0000000080000000,0x000000008409a3c0,0x0000000085700000)
 Metaspace       used 93246K, capacity 98162K, committed 98328K, reserved 1134592K
  class space    used 12177K, capacity 13089K, committed 13104K, reserved 1048576K
Event: 4784.614 GC heap after
Heap after GC invocations=19 (full 3):
 PSYoungGen      total 244224K, used 22310K [0x00000000d5580000, 0x00000000e6b80000, 0x0000000100000000)
  eden space 218112K, 0% used [0x00000000d5580000,0x00000000d5580000,0x00000000e2a80000)
  from space 26112K, 85% used [0x00000000e5200000,0x00000000e67c9ad8,0x00000000e6b80000)
  to   space 33280K, 0% used [0x00000000e2a80000,0x00000000e2a80000,0x00000000e4b00000)
 ParOldGen       total 89088K, used 66160K [0x0000000080000000, 0x0000000085700000, 0x00000000d5580000)
  object space 89088K, 74% used [0x0000000080000000,0x000000008409c3c0,0x0000000085700000)
 Metaspace       used 93246K, capacity 98162K, committed 98328K, reserved 1134592K
  class space    used 12177K, capacity 13089K, committed 13104K, reserved 1048576K
}
Event: 4786.043 GC heap before
{Heap before GC invocations=20 (full 3):
 PSYoungGen      total 244224K, used 42531K [0x00000000d5580000, 0x00000000e6b80000, 0x0000000100000000)
  eden space 218112K, 9% used [0x00000000d5580000,0x00000000d693f220,0x00000000e2a80000)
  from space 26112K, 85% used [0x00000000e5200000,0x00000000e67c9ad8,0x00000000e6b80000)
  to   space 33280K, 0% used [0x00000000e2a80000,0x00000000e2a80000,0x00000000e4b00000)
 ParOldGen       total 89088K, used 66160K [0x0000000080000000, 0x0000000085700000, 0x00000000d5580000)
  object space 89088K, 74% used [0x0000000080000000,0x000000008409c3c0,0x0000000085700000)
 Metaspace       used 93394K, capacity 98372K, committed 98584K, reserved 1134592K
  class space    used 12196K, capacity 13092K, committed 13104K, reserved 1048576K
Event: 4786.143 GC heap after
Heap after GC invocations=20 (full 3):
 PSYoungGen      total 251392K, used 23621K [0x00000000d5580000, 0x00000000e9800000, 0x0000000100000000)
  eden space 218112K, 0% used [0x00000000d5580000,0x00000000d5580000,0x00000000e2a80000)
  from space 33280K, 70% used [0x00000000e2a80000,0x00000000e41916e0,0x00000000e4b00000)
  to   space 34816K, 0% used [0x00000000e7600000,0x00000000e7600000,0x00000000e9800000)
 ParOldGen       total 89088K, used 66168K [0x0000000080000000, 0x0000000085700000, 0x00000000d5580000)
  object space 89088K, 74% used [0x0000000080000000,0x000000008409e3c0,0x0000000085700000)
 Metaspace       used 93394K, capacity 98372K, committed 98584K, reserved 1134592K
  class space    used 12196K, capacity 13092K, committed 13104K, reserved 1048576K
}
Event: 4786.144 GC heap before
{Heap before GC invocations=21 (full 4):
 PSYoungGen      total 251392K, used 23621K [0x00000000d5580000, 0x00000000e9800000, 0x0000000100000000)
  eden space 218112K, 0% used [0x00000000d5580000,0x00000000d5580000,0x00000000e2a80000)
  from space 33280K, 70% used [0x00000000e2a80000,0x00000000e41916e0,0x00000000e4b00000)
  to   space 34816K, 0% used [0x00000000e7600000,0x00000000e7600000,0x00000000e9800000)
 ParOldGen       total 89088K, used 66168K [0x0000000080000000, 0x0000000085700000, 0x00000000d5580000)
  object space 89088K, 74% used [0x0000000080000000,0x000000008409e3c0,0x0000000085700000)
 Metaspace       used 93394K, capacity 98372K, committed 98584K, reserved 1134592K
  class space    used 12196K, capacity 13092K, committed 13104K, reserved 1048576K
Event: 4788.453 GC heap after
Heap after GC invocations=21 (full 4):
 PSYoungGen      total 251392K, used 0K [0x00000000d5580000, 0x00000000e9800000, 0x0000000100000000)
  eden space 218112K, 0% used [0x00000000d5580000,0x00000000d5580000,0x00000000e2a80000)
  from space 33280K, 0% used [0x00000000e2a80000,0x00000000e2a80000,0x00000000e4b00000)
  to   space 34816K, 0% used [0x00000000e7600000,0x00000000e7600000,0x00000000e9800000)
 ParOldGen       total 122368K, used 54361K [0x0000000080000000, 0x0000000087780000, 0x00000000d5580000)
  object space 122368K, 44% used [0x0000000080000000,0x0000000083516788,0x0000000087780000)
 Metaspace       used 91910K, capacity 95264K, committed 98584K, reserved 1134592K
  class space    used 11868K, capacity 12488K, committed 13104K, reserved 1048576K
}

